-- The C compiler identification is GNU 11.4.0
-- The CXX compiler identification is GNU 11.4.0
-- Detecting C compiler ABI info
-- Detecting C compiler ABI info - done
-- Check for working C compiler: /usr/bin/cc - skipped
-- Detecting C compile features
-- Detecting C compile features - done
-- Detecting CXX compiler ABI info
-- Detecting CXX compiler ABI info - done
-- Check for working CXX compiler: /usr/bin/c++ - skipped
-- Detecting CXX compile features
-- Detecting CXX compile features - done
-- Found ament_cmake: 1.3.10 (/opt/ros/humble/share/ament_cmake/cmake)
-- Found Python3: /home/kmw/miniconda3/envs/ros2_py310/bin/python3 (found version "3.10.14") found components: Interpreter 
-- Found rosidl_default_generators: 1.2.0 (/opt/ros/humble/share/rosidl_default_generators/cmake)
-- Using all available rosidl_typesupport_c: rosidl_typesupport_fastrtps_c;rosidl_typesupport_introspection_c
-- Found rosidl_adapter: 3.1.5 (/opt/ros/humble/share/rosidl_adapter/cmake)
-- Using all available rosidl_typesupport_cpp: rosidl_typesupport_fastrtps_cpp;rosidl_typesupport_introspection_cpp
-- Found Python3: /home/kmw/miniconda3/envs/ros2_py310/bin/python3 (found version "3.10.14") found components: Interpreter Development NumPy Development.Module Development.Embed 
-- Found Python3: /home/kmw/miniconda3/envs/ros2_py310/bin/python3 (found version "3.10.14") found components: Interpreter 
-- Found ament_cmake_ros: 0.10.0 (/opt/ros/humble/share/ament_cmake_ros/cmake)
-- Using all available rosidl_typesupport_c: rosidl_typesupport_fastrtps_c;rosidl_typesupport_introspection_c
-- Using all available rosidl_typesupport_cpp: rosidl_typesupport_fastrtps_cpp;rosidl_typesupport_introspection_cpp
-- Found PythonInterp: /home/kmw/miniconda3/envs/ros2_py310/bin/python3 (found suitable version "3.10.14", minimum required is "3.6") 
-- Found python_cmake_module: 0.10.0 (/opt/ros/humble/share/python_cmake_module/cmake)
-- Found PythonLibs: /home/kmw/miniconda3/envs/ros2_py310/lib/libpython3.10.so (found suitable version "3.10.14", minimum required is "3.5") 
-- Using PYTHON_EXECUTABLE: /home/kmw/miniconda3/envs/ros2_py310/bin/python3
-- Using PYTHON_INCLUDE_DIRS: /home/kmw/miniconda3/envs/ros2_py310/include/python3.10
-- Using PYTHON_LIBRARIES: /home/kmw/miniconda3/envs/ros2_py310/lib/libpython3.10.so
-- Found PythonExtra: .so  
-- Using numpy include directory: /home/kmw/miniconda3/envs/ros2_py310/lib/python3.10/site-packages/numpy/_core/include
-- Found ament_lint_auto: 0.12.11 (/opt/ros/humble/share/ament_lint_auto/cmake)
-- Added test 'lint_cmake' to check CMake code style
-- Added test 'xmllint' to check XML markup files
-- Configuring done
-- Generating done
-- Build files have been written to: /home/kmw/ros2_ws/src/build/cv_msg
[  1%] [34m[1mGenerating C code for ROS interfaces[0m
[  2%] [34m[1mGenerating C++ code for ROS interfaces[0m
[  2%] Built target ament_cmake_python_copy_cv_msg
running egg_info
creating cv_msg.egg-info
writing cv_msg.egg-info/PKG-INFO
writing dependency_links to cv_msg.egg-info/dependency_links.txt
writing top-level names to cv_msg.egg-info/top_level.txt
writing manifest file 'cv_msg.egg-info/SOURCES.txt'
reading manifest file 'cv_msg.egg-info/SOURCES.txt'
writing manifest file 'cv_msg.egg-info/SOURCES.txt'
[  2%] Built target ament_cmake_python_build_cv_msg_egg
[  2%] Built target cv_msg__cpp
[  4%] [34m[1mGenerating C++ introspection for ROS interfaces[0m
[  5%] [34m[1mGenerating C++ type support for eProsima Fast-RTPS[0m
[  7%] [34m[1mGenerating C++ type support dispatch for ROS interfaces[0m
[  8%] [32mBuilding C object CMakeFiles/cv_msg__rosidl_generator_c.dir/rosidl_generator_c/cv_msg/msg/detail/msg_servo__functions.c.o[0m
[  9%] [32mBuilding C object CMakeFiles/cv_msg__rosidl_generator_c.dir/rosidl_generator_c/cv_msg/srv/detail/srv_good__functions.c.o[0m
[ 11%] [32mBuilding C object CMakeFiles/cv_msg__rosidl_generator_c.dir/rosidl_generator_c/cv_msg/msg/detail/msg_center__functions.c.o[0m
[ 12%] [32mBuilding C object CMakeFiles/cv_msg__rosidl_generator_c.dir/rosidl_generator_c/cv_msg/srv/detail/srv_motor__functions.c.o[0m
[ 14%] [32mBuilding C object CMakeFiles/cv_msg__rosidl_generator_c.dir/rosidl_generator_c/cv_msg/srv/detail/srv_arduino__functions.c.o[0m
[ 15%] [32mBuilding C object CMakeFiles/cv_msg__rosidl_generator_c.dir/rosidl_generator_c/cv_msg/srv/detail/srv_servo__functions.c.o[0m
[ 16%] [32m[1mLinking C shared library libcv_msg__rosidl_generator_c.so[0m
[ 16%] Built target cv_msg__rosidl_generator_c
[ 19%] [34m[1mGenerating C introspection for ROS interfaces[0m
[ 19%] [34m[1mGenerating C type support for eProsima Fast-RTPS[0m
[ 21%] [34m[1mGenerating C type support dispatch for ROS interfaces[0m
[ 22%] [32mBuilding CXX object CMakeFiles/cv_msg__rosidl_typesupport_cpp.dir/rosidl_typesupport_cpp/cv_msg/srv/srv_good__type_support.cpp.o[0m
[ 23%] [32mBuilding CXX object CMakeFiles/cv_msg__rosidl_typesupport_cpp.dir/rosidl_typesupport_cpp/cv_msg/msg/msg_servo__type_support.cpp.o[0m
[ 25%] [32mBuilding CXX object CMakeFiles/cv_msg__rosidl_typesupport_cpp.dir/rosidl_typesupport_cpp/cv_msg/msg/msg_center__type_support.cpp.o[0m
[ 26%] [32mBuilding CXX object CMakeFiles/cv_msg__rosidl_typesupport_introspection_cpp.dir/rosidl_typesupport_introspection_cpp/cv_msg/msg/detail/msg_servo__type_support.cpp.o[0m
[ 28%] [32mBuilding CXX object CMakeFiles/cv_msg__rosidl_typesupport_c.dir/rosidl_typesupport_c/cv_msg/msg/msg_servo__type_support.cpp.o[0m
[ 29%] [32mBuilding CXX object CMakeFiles/cv_msg__rosidl_typesupport_c.dir/rosidl_typesupport_c/cv_msg/msg/msg_center__type_support.cpp.o[0m
[ 30%] [32mBuilding CXX object CMakeFiles/cv_msg__rosidl_typesupport_c.dir/rosidl_typesupport_c/cv_msg/srv/srv_good__type_support.cpp.o[0m
[ 32%] [32mBuilding CXX object CMakeFiles/cv_msg__rosidl_typesupport_fastrtps_cpp.dir/rosidl_typesupport_fastrtps_cpp/cv_msg/msg/detail/dds_fastrtps/msg_servo__type_support.cpp.o[0m
[ 33%] [32mBuilding CXX object CMakeFiles/cv_msg__rosidl_typesupport_fastrtps_cpp.dir/rosidl_typesupport_fastrtps_cpp/cv_msg/msg/detail/dds_fastrtps/msg_center__type_support.cpp.o[0m
[ 35%] [32mBuilding CXX object CMakeFiles/cv_msg__rosidl_typesupport_c.dir/rosidl_typesupport_c/cv_msg/srv/srv_arduino__type_support.cpp.o[0m
[ 36%] [32mBuilding CXX object CMakeFiles/cv_msg__rosidl_typesupport_fastrtps_cpp.dir/rosidl_typesupport_fastrtps_cpp/cv_msg/srv/detail/dds_fastrtps/srv_good__type_support.cpp.o[0m
[ 38%] [32mBuilding CXX object CMakeFiles/cv_msg__rosidl_typesupport_cpp.dir/rosidl_typesupport_cpp/cv_msg/srv/srv_arduino__type_support.cpp.o[0m
[ 39%] [32mBuilding CXX object CMakeFiles/cv_msg__rosidl_typesupport_c.dir/rosidl_typesupport_c/cv_msg/srv/srv_motor__type_support.cpp.o[0m
[ 40%] [32mBuilding CXX object CMakeFiles/cv_msg__rosidl_typesupport_fastrtps_c.dir/rosidl_typesupport_fastrtps_c/cv_msg/msg/detail/msg_servo__type_support_c.cpp.o[0m
[ 42%] [32mBuilding CXX object CMakeFiles/cv_msg__rosidl_typesupport_c.dir/rosidl_typesupport_c/cv_msg/srv/srv_servo__type_support.cpp.o[0m
[ 43%] [32mBuilding C object CMakeFiles/cv_msg__rosidl_typesupport_introspection_c.dir/rosidl_typesupport_introspection_c/cv_msg/msg/detail/msg_servo__type_support.c.o[0m
[ 45%] [32m[1mLinking CXX shared library libcv_msg__rosidl_typesupport_c.so[0m
[ 46%] [32mBuilding C object CMakeFiles/cv_msg__rosidl_typesupport_introspection_c.dir/rosidl_typesupport_introspection_c/cv_msg/msg/detail/msg_center__type_support.c.o[0m
[ 46%] Built target cv_msg__rosidl_typesupport_c
[ 47%] [32mBuilding C object CMakeFiles/cv_msg__rosidl_typesupport_introspection_c.dir/rosidl_typesupport_introspection_c/cv_msg/srv/detail/srv_good__type_support.c.o[0m
[ 49%] [32mBuilding CXX object CMakeFiles/cv_msg__rosidl_typesupport_fastrtps_c.dir/rosidl_typesupport_fastrtps_c/cv_msg/msg/detail/msg_center__type_support_c.cpp.o[0m
[ 50%] [32mBuilding C object CMakeFiles/cv_msg__rosidl_typesupport_introspection_c.dir/rosidl_typesupport_introspection_c/cv_msg/srv/detail/srv_arduino__type_support.c.o[0m
[ 52%] [32mBuilding C object CMakeFiles/cv_msg__rosidl_typesupport_introspection_c.dir/rosidl_typesupport_introspection_c/cv_msg/srv/detail/srv_motor__type_support.c.o[0m
[ 53%] [32mBuilding CXX object CMakeFiles/cv_msg__rosidl_typesupport_introspection_cpp.dir/rosidl_typesupport_introspection_cpp/cv_msg/msg/detail/msg_center__type_support.cpp.o[0m
[ 54%] [32mBuilding C object CMakeFiles/cv_msg__rosidl_typesupport_introspection_c.dir/rosidl_typesupport_introspection_c/cv_msg/srv/detail/srv_servo__type_support.c.o[0m
[ 56%] [32mBuilding CXX object CMakeFiles/cv_msg__rosidl_typesupport_cpp.dir/rosidl_typesupport_cpp/cv_msg/srv/srv_motor__type_support.cpp.o[0m
[ 57%] [32m[1mLinking C shared library libcv_msg__rosidl_typesupport_introspection_c.so[0m
[ 59%] [32mBuilding CXX object CMakeFiles/cv_msg__rosidl_typesupport_introspection_cpp.dir/rosidl_typesupport_introspection_cpp/cv_msg/srv/detail/srv_good__type_support.cpp.o[0m
[ 59%] Built target cv_msg__rosidl_typesupport_introspection_c
[ 60%] [32mBuilding CXX object CMakeFiles/cv_msg__rosidl_typesupport_fastrtps_cpp.dir/rosidl_typesupport_fastrtps_cpp/cv_msg/srv/detail/dds_fastrtps/srv_arduino__type_support.cpp.o[0m
[ 61%] [32mBuilding CXX object CMakeFiles/cv_msg__rosidl_typesupport_introspection_cpp.dir/rosidl_typesupport_introspection_cpp/cv_msg/srv/detail/srv_arduino__type_support.cpp.o[0m
[ 63%] [32mBuilding CXX object CMakeFiles/cv_msg__rosidl_typesupport_fastrtps_cpp.dir/rosidl_typesupport_fastrtps_cpp/cv_msg/srv/detail/dds_fastrtps/srv_motor__type_support.cpp.o[0m
[ 64%] [32mBuilding CXX object CMakeFiles/cv_msg__rosidl_typesupport_cpp.dir/rosidl_typesupport_cpp/cv_msg/srv/srv_servo__type_support.cpp.o[0m
[ 66%] [32mBuilding CXX object CMakeFiles/cv_msg__rosidl_typesupport_fastrtps_c.dir/rosidl_typesupport_fastrtps_c/cv_msg/srv/detail/srv_good__type_support_c.cpp.o[0m
[ 67%] [32mBuilding CXX object CMakeFiles/cv_msg__rosidl_typesupport_introspection_cpp.dir/rosidl_typesupport_introspection_cpp/cv_msg/srv/detail/srv_motor__type_support.cpp.o[0m
[ 69%] [32mBuilding CXX object CMakeFiles/cv_msg__rosidl_typesupport_fastrtps_c.dir/rosidl_typesupport_fastrtps_c/cv_msg/srv/detail/srv_arduino__type_support_c.cpp.o[0m
[ 70%] [32mBuilding CXX object CMakeFiles/cv_msg__rosidl_typesupport_fastrtps_c.dir/rosidl_typesupport_fastrtps_c/cv_msg/srv/detail/srv_motor__type_support_c.cpp.o[0m
[ 71%] [32m[1mLinking CXX shared library libcv_msg__rosidl_typesupport_cpp.so[0m
[ 71%] Built target cv_msg__rosidl_typesupport_cpp
[ 73%] [32mBuilding CXX object CMakeFiles/cv_msg__rosidl_typesupport_fastrtps_c.dir/rosidl_typesupport_fastrtps_c/cv_msg/srv/detail/srv_servo__type_support_c.cpp.o[0m
[ 74%] [32mBuilding CXX object CMakeFiles/cv_msg__rosidl_typesupport_fastrtps_cpp.dir/rosidl_typesupport_fastrtps_cpp/cv_msg/srv/detail/dds_fastrtps/srv_servo__type_support.cpp.o[0m
[ 76%] [32mBuilding CXX object CMakeFiles/cv_msg__rosidl_typesupport_introspection_cpp.dir/rosidl_typesupport_introspection_cpp/cv_msg/srv/detail/srv_servo__type_support.cpp.o[0m
[ 77%] [32m[1mLinking CXX shared library libcv_msg__rosidl_typesupport_fastrtps_c.so[0m
[ 78%] [32m[1mLinking CXX shared library libcv_msg__rosidl_typesupport_introspection_cpp.so[0m
[ 78%] Built target cv_msg__rosidl_typesupport_introspection_cpp
[ 78%] Built target cv_msg__rosidl_typesupport_fastrtps_c
[ 80%] [32m[1mLinking CXX shared library libcv_msg__rosidl_typesupport_fastrtps_cpp.so[0m
[ 80%] Built target cv_msg__rosidl_typesupport_fastrtps_cpp
[ 80%] Built target cv_msg
[ 81%] [34m[1mGenerating Python code for ROS interfaces[0m
[ 81%] Built target cv_msg__py
[ 83%] [32mBuilding C object CMakeFiles/cv_msg__rosidl_generator_py.dir/rosidl_generator_py/cv_msg/msg/_msg_servo_s.c.o[0m
[ 84%] [32mBuilding C object CMakeFiles/cv_msg__rosidl_generator_py.dir/rosidl_generator_py/cv_msg/srv/_srv_motor_s.c.o[0m
[ 85%] [32mBuilding C object CMakeFiles/cv_msg__rosidl_generator_py.dir/rosidl_generator_py/cv_msg/srv/_srv_good_s.c.o[0m
[ 88%] [32mBuilding C object CMakeFiles/cv_msg__rosidl_generator_py.dir/rosidl_generator_py/cv_msg/msg/_msg_center_s.c.o[0m
[ 88%] [32mBuilding C object CMakeFiles/cv_msg__rosidl_generator_py.dir/rosidl_generator_py/cv_msg/srv/_srv_arduino_s.c.o[0m
[ 90%] [32mBuilding C object CMakeFiles/cv_msg__rosidl_generator_py.dir/rosidl_generator_py/cv_msg/srv/_srv_servo_s.c.o[0m
[ 91%] [32m[1mLinking C shared library rosidl_generator_py/cv_msg/libcv_msg__rosidl_generator_py.so[0m
[ 91%] Built target cv_msg__rosidl_generator_py
[ 94%] [32mBuilding C object CMakeFiles/cv_msg__rosidl_typesupport_fastrtps_c__pyext.dir/rosidl_generator_py/cv_msg/_cv_msg_s.ep.rosidl_typesupport_fastrtps_c.c.o[0m
[ 94%] [32mBuilding C object CMakeFiles/cv_msg__rosidl_typesupport_introspection_c__pyext.dir/rosidl_generator_py/cv_msg/_cv_msg_s.ep.rosidl_typesupport_introspection_c.c.o[0m
[ 95%] [32mBuilding C object CMakeFiles/cv_msg__rosidl_typesupport_c__pyext.dir/rosidl_generator_py/cv_msg/_cv_msg_s.ep.rosidl_typesupport_c.c.o[0m
[ 97%] [32m[1mLinking C shared library rosidl_generator_py/cv_msg/cv_msg_s__rosidl_typesupport_fastrtps_c.cpython-310-x86_64-linux-gnu.so[0m
[ 98%] [32m[1mLinking C shared library rosidl_generator_py/cv_msg/cv_msg_s__rosidl_typesupport_introspection_c.cpython-310-x86_64-linux-gnu.so[0m
[100%] [32m[1mLinking C shared library rosidl_generator_py/cv_msg/cv_msg_s__rosidl_typesupport_c.cpython-310-x86_64-linux-gnu.so[0m
[100%] Built target cv_msg__rosidl_typesupport_introspection_c__pyext
[100%] Built target cv_msg__rosidl_typesupport_fastrtps_c__pyext
[100%] Built target cv_msg__rosidl_typesupport_c__pyext
-- Install configuration: ""
-- Installing: /home/kmw/ros2_ws/src/install/cv_msg/share/ament_index/resource_index/rosidl_interfaces/cv_msg
-- Installing: /home/kmw/ros2_ws/src/install/cv_msg/include/cv_msg/cv_msg
-- Installing: /home/kmw/ros2_ws/src/install/cv_msg/include/cv_msg/cv_msg/srv
-- Installing: /home/kmw/ros2_ws/src/install/cv_msg/include/cv_msg/cv_msg/srv/srv_servo.h
-- Installing: /home/kmw/ros2_ws/src/install/cv_msg/include/cv_msg/cv_msg/srv/detail
-- Installing: /home/kmw/ros2_ws/src/install/cv_msg/include/cv_msg/cv_msg/srv/detail/srv_servo__functions.c
-- Installing: /home/kmw/ros2_ws/src/install/cv_msg/include/cv_msg/cv_msg/srv/detail/srv_good__functions.h
-- Installing: /home/kmw/ros2_ws/src/install/cv_msg/include/cv_msg/cv_msg/srv/detail/srv_arduino__struct.h
-- Installing: /home/kmw/ros2_ws/src/install/cv_msg/include/cv_msg/cv_msg/srv/detail/srv_good__type_support.h
-- Installing: /home/kmw/ros2_ws/src/install/cv_msg/include/cv_msg/cv_msg/srv/detail/srv_motor__functions.c
-- Installing: /home/kmw/ros2_ws/src/install/cv_msg/include/cv_msg/cv_msg/srv/detail/srv_motor__type_support.h
-- Installing: /home/kmw/ros2_ws/src/install/cv_msg/include/cv_msg/cv_msg/srv/detail/srv_motor__functions.h
-- Installing: /home/kmw/ros2_ws/src/install/cv_msg/include/cv_msg/cv_msg/srv/detail/srv_arduino__functions.h
-- Installing: /home/kmw/ros2_ws/src/install/cv_msg/include/cv_msg/cv_msg/srv/detail/srv_arduino__functions.c
-- Installing: /home/kmw/ros2_ws/src/install/cv_msg/include/cv_msg/cv_msg/srv/detail/srv_motor__struct.h
-- Installing: /home/kmw/ros2_ws/src/install/cv_msg/include/cv_msg/cv_msg/srv/detail/srv_servo__functions.h
-- Installing: /home/kmw/ros2_ws/src/install/cv_msg/include/cv_msg/cv_msg/srv/detail/srv_servo__struct.h
-- Installing: /home/kmw/ros2_ws/src/install/cv_msg/include/cv_msg/cv_msg/srv/detail/srv_servo__type_support.h
-- Installing: /home/kmw/ros2_ws/src/install/cv_msg/include/cv_msg/cv_msg/srv/detail/srv_good__functions.c
-- Installing: /home/kmw/ros2_ws/src/install/cv_msg/include/cv_msg/cv_msg/srv/detail/srv_arduino__type_support.h
-- Installing: /home/kmw/ros2_ws/src/install/cv_msg/include/cv_msg/cv_msg/srv/detail/srv_good__struct.h
-- Installing: /home/kmw/ros2_ws/src/install/cv_msg/include/cv_msg/cv_msg/srv/srv_motor.h
-- Installing: /home/kmw/ros2_ws/src/install/cv_msg/include/cv_msg/cv_msg/srv/srv_arduino.h
-- Installing: /home/kmw/ros2_ws/src/install/cv_msg/include/cv_msg/cv_msg/srv/srv_good.h
-- Installing: /home/kmw/ros2_ws/src/install/cv_msg/include/cv_msg/cv_msg/msg
-- Installing: /home/kmw/ros2_ws/src/install/cv_msg/include/cv_msg/cv_msg/msg/msg_servo.h
-- Installing: /home/kmw/ros2_ws/src/install/cv_msg/include/cv_msg/cv_msg/msg/detail
-- Installing: /home/kmw/ros2_ws/src/install/cv_msg/include/cv_msg/cv_msg/msg/detail/msg_center__type_support.h
-- Installing: /home/kmw/ros2_ws/src/install/cv_msg/include/cv_msg/cv_msg/msg/detail/msg_servo__functions.c
-- Installing: /home/kmw/ros2_ws/src/install/cv_msg/include/cv_msg/cv_msg/msg/detail/msg_center__functions.c
-- Installing: /home/kmw/ros2_ws/src/install/cv_msg/include/cv_msg/cv_msg/msg/detail/msg_center__struct.h
-- Installing: /home/kmw/ros2_ws/src/install/cv_msg/include/cv_msg/cv_msg/msg/detail/msg_servo__struct.h
-- Installing: /home/kmw/ros2_ws/src/install/cv_msg/include/cv_msg/cv_msg/msg/detail/msg_servo__functions.h
-- Installing: /home/kmw/ros2_ws/src/install/cv_msg/include/cv_msg/cv_msg/msg/detail/msg_center__functions.h
-- Installing: /home/kmw/ros2_ws/src/install/cv_msg/include/cv_msg/cv_msg/msg/detail/msg_servo__type_support.h
-- Installing: /home/kmw/ros2_ws/src/install/cv_msg/include/cv_msg/cv_msg/msg/msg_center.h
-- Installing: /home/kmw/ros2_ws/src/install/cv_msg/include/cv_msg/cv_msg/msg/rosidl_generator_c__visibility_control.h
-- Installing: /home/kmw/ros2_ws/src/install/cv_msg/share/cv_msg/environment/library_path.sh
-- Installing: /home/kmw/ros2_ws/src/install/cv_msg/share/cv_msg/environment/library_path.dsv
-- Installing: /home/kmw/ros2_ws/src/install/cv_msg/lib/libcv_msg__rosidl_generator_c.so
-- Set runtime path of "/home/kmw/ros2_ws/src/install/cv_msg/lib/libcv_msg__rosidl_generator_c.so" to ""
-- Up-to-date: /home/kmw/ros2_ws/src/install/cv_msg/include/cv_msg/cv_msg
-- Up-to-date: /home/kmw/ros2_ws/src/install/cv_msg/include/cv_msg/cv_msg/srv
-- Up-to-date: /home/kmw/ros2_ws/src/install/cv_msg/include/cv_msg/cv_msg/srv/detail
-- Installing: /home/kmw/ros2_ws/src/install/cv_msg/include/cv_msg/cv_msg/srv/detail/srv_good__rosidl_typesupport_fastrtps_c.h
-- Installing: /home/kmw/ros2_ws/src/install/cv_msg/include/cv_msg/cv_msg/srv/detail/srv_motor__rosidl_typesupport_fastrtps_c.h
-- Installing: /home/kmw/ros2_ws/src/install/cv_msg/include/cv_msg/cv_msg/srv/detail/srv_arduino__rosidl_typesupport_fastrtps_c.h
-- Installing: /home/kmw/ros2_ws/src/install/cv_msg/include/cv_msg/cv_msg/srv/detail/srv_servo__rosidl_typesupport_fastrtps_c.h
-- Up-to-date: /home/kmw/ros2_ws/src/install/cv_msg/include/cv_msg/cv_msg/msg
-- Up-to-date: /home/kmw/ros2_ws/src/install/cv_msg/include/cv_msg/cv_msg/msg/detail
-- Installing: /home/kmw/ros2_ws/src/install/cv_msg/include/cv_msg/cv_msg/msg/detail/msg_servo__rosidl_typesupport_fastrtps_c.h
-- Installing: /home/kmw/ros2_ws/src/install/cv_msg/include/cv_msg/cv_msg/msg/detail/msg_center__rosidl_typesupport_fastrtps_c.h
-- Installing: /home/kmw/ros2_ws/src/install/cv_msg/include/cv_msg/cv_msg/msg/rosidl_typesupport_fastrtps_c__visibility_control.h
-- Installing: /home/kmw/ros2_ws/src/install/cv_msg/lib/libcv_msg__rosidl_typesupport_fastrtps_c.so
-- Set runtime path of "/home/kmw/ros2_ws/src/install/cv_msg/lib/libcv_msg__rosidl_typesupport_fastrtps_c.so" to ""
-- Up-to-date: /home/kmw/ros2_ws/src/install/cv_msg/include/cv_msg/cv_msg
-- Up-to-date: /home/kmw/ros2_ws/src/install/cv_msg/include/cv_msg/cv_msg/srv
-- Up-to-date: /home/kmw/ros2_ws/src/install/cv_msg/include/cv_msg/cv_msg/srv/detail
-- Installing: /home/kmw/ros2_ws/src/install/cv_msg/include/cv_msg/cv_msg/srv/detail/srv_arduino__rosidl_typesupport_introspection_c.h
-- Installing: /home/kmw/ros2_ws/src/install/cv_msg/include/cv_msg/cv_msg/srv/detail/srv_motor__rosidl_typesupport_introspection_c.h
-- Installing: /home/kmw/ros2_ws/src/install/cv_msg/include/cv_msg/cv_msg/srv/detail/srv_servo__type_support.c
-- Installing: /home/kmw/ros2_ws/src/install/cv_msg/include/cv_msg/cv_msg/srv/detail/srv_arduino__type_support.c
-- Installing: /home/kmw/ros2_ws/src/install/cv_msg/include/cv_msg/cv_msg/srv/detail/srv_servo__rosidl_typesupport_introspection_c.h
-- Installing: /home/kmw/ros2_ws/src/install/cv_msg/include/cv_msg/cv_msg/srv/detail/srv_good__rosidl_typesupport_introspection_c.h
-- Installing: /home/kmw/ros2_ws/src/install/cv_msg/include/cv_msg/cv_msg/srv/detail/srv_good__type_support.c
-- Installing: /home/kmw/ros2_ws/src/install/cv_msg/include/cv_msg/cv_msg/srv/detail/srv_motor__type_support.c
-- Up-to-date: /home/kmw/ros2_ws/src/install/cv_msg/include/cv_msg/cv_msg/msg
-- Up-to-date: /home/kmw/ros2_ws/src/install/cv_msg/include/cv_msg/cv_msg/msg/detail
-- Installing: /home/kmw/ros2_ws/src/install/cv_msg/include/cv_msg/cv_msg/msg/detail/msg_servo__type_support.c
-- Installing: /home/kmw/ros2_ws/src/install/cv_msg/include/cv_msg/cv_msg/msg/detail/msg_center__rosidl_typesupport_introspection_c.h
-- Installing: /home/kmw/ros2_ws/src/install/cv_msg/include/cv_msg/cv_msg/msg/detail/msg_servo__rosidl_typesupport_introspection_c.h
-- Installing: /home/kmw/ros2_ws/src/install/cv_msg/include/cv_msg/cv_msg/msg/detail/msg_center__type_support.c
-- Installing: /home/kmw/ros2_ws/src/install/cv_msg/include/cv_msg/cv_msg/msg/rosidl_typesupport_introspection_c__visibility_control.h
-- Installing: /home/kmw/ros2_ws/src/install/cv_msg/lib/libcv_msg__rosidl_typesupport_introspection_c.so
-- Set runtime path of "/home/kmw/ros2_ws/src/install/cv_msg/lib/libcv_msg__rosidl_typesupport_introspection_c.so" to ""
-- Installing: /home/kmw/ros2_ws/src/install/cv_msg/lib/libcv_msg__rosidl_typesupport_c.so
-- Set runtime path of "/home/kmw/ros2_ws/src/install/cv_msg/lib/libcv_msg__rosidl_typesupport_c.so" to ""
-- Up-to-date: /home/kmw/ros2_ws/src/install/cv_msg/include/cv_msg/cv_msg
-- Up-to-date: /home/kmw/ros2_ws/src/install/cv_msg/include/cv_msg/cv_msg/srv
-- Installing: /home/kmw/ros2_ws/src/install/cv_msg/include/cv_msg/cv_msg/srv/srv_servo.hpp
-- Up-to-date: /home/kmw/ros2_ws/src/install/cv_msg/include/cv_msg/cv_msg/srv/detail
-- Installing: /home/kmw/ros2_ws/src/install/cv_msg/include/cv_msg/cv_msg/srv/detail/srv_servo__traits.hpp
-- Installing: /home/kmw/ros2_ws/src/install/cv_msg/include/cv_msg/cv_msg/srv/detail/srv_arduino__struct.hpp
-- Installing: /home/kmw/ros2_ws/src/install/cv_msg/include/cv_msg/cv_msg/srv/detail/srv_motor__struct.hpp
-- Installing: /home/kmw/ros2_ws/src/install/cv_msg/include/cv_msg/cv_msg/srv/detail/srv_motor__builder.hpp
-- Installing: /home/kmw/ros2_ws/src/install/cv_msg/include/cv_msg/cv_msg/srv/detail/srv_servo__builder.hpp
-- Installing: /home/kmw/ros2_ws/src/install/cv_msg/include/cv_msg/cv_msg/srv/detail/srv_arduino__traits.hpp
-- Installing: /home/kmw/ros2_ws/src/install/cv_msg/include/cv_msg/cv_msg/srv/detail/srv_good__traits.hpp
-- Installing: /home/kmw/ros2_ws/src/install/cv_msg/include/cv_msg/cv_msg/srv/detail/srv_servo__struct.hpp
-- Installing: /home/kmw/ros2_ws/src/install/cv_msg/include/cv_msg/cv_msg/srv/detail/srv_good__builder.hpp
-- Installing: /home/kmw/ros2_ws/src/install/cv_msg/include/cv_msg/cv_msg/srv/detail/srv_good__struct.hpp
-- Installing: /home/kmw/ros2_ws/src/install/cv_msg/include/cv_msg/cv_msg/srv/detail/srv_arduino__builder.hpp
-- Installing: /home/kmw/ros2_ws/src/install/cv_msg/include/cv_msg/cv_msg/srv/detail/srv_motor__traits.hpp
-- Installing: /home/kmw/ros2_ws/src/install/cv_msg/include/cv_msg/cv_msg/srv/srv_arduino.hpp
-- Installing: /home/kmw/ros2_ws/src/install/cv_msg/include/cv_msg/cv_msg/srv/srv_good.hpp
-- Installing: /home/kmw/ros2_ws/src/install/cv_msg/include/cv_msg/cv_msg/srv/srv_motor.hpp
-- Up-to-date: /home/kmw/ros2_ws/src/install/cv_msg/include/cv_msg/cv_msg/msg
-- Installing: /home/kmw/ros2_ws/src/install/cv_msg/include/cv_msg/cv_msg/msg/msg_center.hpp
-- Up-to-date: /home/kmw/ros2_ws/src/install/cv_msg/include/cv_msg/cv_msg/msg/detail
-- Installing: /home/kmw/ros2_ws/src/install/cv_msg/include/cv_msg/cv_msg/msg/detail/msg_servo__traits.hpp
-- Installing: /home/kmw/ros2_ws/src/install/cv_msg/include/cv_msg/cv_msg/msg/detail/msg_servo__struct.hpp
-- Installing: /home/kmw/ros2_ws/src/install/cv_msg/include/cv_msg/cv_msg/msg/detail/msg_center__builder.hpp
-- Installing: /home/kmw/ros2_ws/src/install/cv_msg/include/cv_msg/cv_msg/msg/detail/msg_center__traits.hpp
-- Installing: /home/kmw/ros2_ws/src/install/cv_msg/include/cv_msg/cv_msg/msg/detail/msg_center__struct.hpp
-- Installing: /home/kmw/ros2_ws/src/install/cv_msg/include/cv_msg/cv_msg/msg/detail/msg_servo__builder.hpp
-- Installing: /home/kmw/ros2_ws/src/install/cv_msg/include/cv_msg/cv_msg/msg/msg_servo.hpp
-- Up-to-date: /home/kmw/ros2_ws/src/install/cv_msg/include/cv_msg/cv_msg
-- Up-to-date: /home/kmw/ros2_ws/src/install/cv_msg/include/cv_msg/cv_msg/srv
-- Up-to-date: /home/kmw/ros2_ws/src/install/cv_msg/include/cv_msg/cv_msg/srv/detail
-- Installing: /home/kmw/ros2_ws/src/install/cv_msg/include/cv_msg/cv_msg/srv/detail/srv_good__rosidl_typesupport_fastrtps_cpp.hpp
-- Installing: /home/kmw/ros2_ws/src/install/cv_msg/include/cv_msg/cv_msg/srv/detail/srv_servo__rosidl_typesupport_fastrtps_cpp.hpp
-- Installing: /home/kmw/ros2_ws/src/install/cv_msg/include/cv_msg/cv_msg/srv/detail/dds_fastrtps
-- Installing: /home/kmw/ros2_ws/src/install/cv_msg/include/cv_msg/cv_msg/srv/detail/srv_arduino__rosidl_typesupport_fastrtps_cpp.hpp
-- Installing: /home/kmw/ros2_ws/src/install/cv_msg/include/cv_msg/cv_msg/srv/detail/srv_motor__rosidl_typesupport_fastrtps_cpp.hpp
-- Up-to-date: /home/kmw/ros2_ws/src/install/cv_msg/include/cv_msg/cv_msg/msg
-- Up-to-date: /home/kmw/ros2_ws/src/install/cv_msg/include/cv_msg/cv_msg/msg/detail
-- Installing: /home/kmw/ros2_ws/src/install/cv_msg/include/cv_msg/cv_msg/msg/detail/msg_center__rosidl_typesupport_fastrtps_cpp.hpp
-- Installing: /home/kmw/ros2_ws/src/install/cv_msg/include/cv_msg/cv_msg/msg/detail/msg_servo__rosidl_typesupport_fastrtps_cpp.hpp
-- Installing: /home/kmw/ros2_ws/src/install/cv_msg/include/cv_msg/cv_msg/msg/detail/dds_fastrtps
-- Installing: /home/kmw/ros2_ws/src/install/cv_msg/include/cv_msg/cv_msg/msg/rosidl_typesupport_fastrtps_cpp__visibility_control.h
-- Installing: /home/kmw/ros2_ws/src/install/cv_msg/lib/libcv_msg__rosidl_typesupport_fastrtps_cpp.so
-- Set runtime path of "/home/kmw/ros2_ws/src/install/cv_msg/lib/libcv_msg__rosidl_typesupport_fastrtps_cpp.so" to ""
-- Up-to-date: /home/kmw/ros2_ws/src/install/cv_msg/include/cv_msg/cv_msg
-- Up-to-date: /home/kmw/ros2_ws/src/install/cv_msg/include/cv_msg/cv_msg/srv
-- Up-to-date: /home/kmw/ros2_ws/src/install/cv_msg/include/cv_msg/cv_msg/srv/detail
-- Installing: /home/kmw/ros2_ws/src/install/cv_msg/include/cv_msg/cv_msg/srv/detail/srv_motor__type_support.cpp
-- Installing: /home/kmw/ros2_ws/src/install/cv_msg/include/cv_msg/cv_msg/srv/detail/srv_good__rosidl_typesupport_introspection_cpp.hpp
-- Installing: /home/kmw/ros2_ws/src/install/cv_msg/include/cv_msg/cv_msg/srv/detail/srv_servo__rosidl_typesupport_introspection_cpp.hpp
-- Installing: /home/kmw/ros2_ws/src/install/cv_msg/include/cv_msg/cv_msg/srv/detail/srv_motor__rosidl_typesupport_introspection_cpp.hpp
-- Installing: /home/kmw/ros2_ws/src/install/cv_msg/include/cv_msg/cv_msg/srv/detail/srv_good__type_support.cpp
-- Installing: /home/kmw/ros2_ws/src/install/cv_msg/include/cv_msg/cv_msg/srv/detail/srv_servo__type_support.cpp
-- Installing: /home/kmw/ros2_ws/src/install/cv_msg/include/cv_msg/cv_msg/srv/detail/srv_arduino__rosidl_typesupport_introspection_cpp.hpp
-- Installing: /home/kmw/ros2_ws/src/install/cv_msg/include/cv_msg/cv_msg/srv/detail/srv_arduino__type_support.cpp
-- Up-to-date: /home/kmw/ros2_ws/src/install/cv_msg/include/cv_msg/cv_msg/msg
-- Up-to-date: /home/kmw/ros2_ws/src/install/cv_msg/include/cv_msg/cv_msg/msg/detail
-- Installing: /home/kmw/ros2_ws/src/install/cv_msg/include/cv_msg/cv_msg/msg/detail/msg_center__type_support.cpp
-- Installing: /home/kmw/ros2_ws/src/install/cv_msg/include/cv_msg/cv_msg/msg/detail/msg_servo__type_support.cpp
-- Installing: /home/kmw/ros2_ws/src/install/cv_msg/include/cv_msg/cv_msg/msg/detail/msg_servo__rosidl_typesupport_introspection_cpp.hpp
-- Installing: /home/kmw/ros2_ws/src/install/cv_msg/include/cv_msg/cv_msg/msg/detail/msg_center__rosidl_typesupport_introspection_cpp.hpp
-- Installing: /home/kmw/ros2_ws/src/install/cv_msg/lib/libcv_msg__rosidl_typesupport_introspection_cpp.so
-- Set runtime path of "/home/kmw/ros2_ws/src/install/cv_msg/lib/libcv_msg__rosidl_typesupport_introspection_cpp.so" to ""
-- Installing: /home/kmw/ros2_ws/src/install/cv_msg/lib/libcv_msg__rosidl_typesupport_cpp.so
-- Set runtime path of "/home/kmw/ros2_ws/src/install/cv_msg/lib/libcv_msg__rosidl_typesupport_cpp.so" to ""
-- Installing: /home/kmw/ros2_ws/src/install/cv_msg/share/cv_msg/environment/pythonpath.sh
-- Installing: /home/kmw/ros2_ws/src/install/cv_msg/share/cv_msg/environment/pythonpath.dsv
-- Installing: /home/kmw/ros2_ws/src/install/cv_msg/lib/python3.10/site-packages/cv_msg-0.0.0-py3.10.egg-info
-- Installing: /home/kmw/ros2_ws/src/install/cv_msg/lib/python3.10/site-packages/cv_msg-0.0.0-py3.10.egg-info/SOURCES.txt
-- Installing: /home/kmw/ros2_ws/src/install/cv_msg/lib/python3.10/site-packages/cv_msg-0.0.0-py3.10.egg-info/PKG-INFO
-- Installing: /home/kmw/ros2_ws/src/install/cv_msg/lib/python3.10/site-packages/cv_msg-0.0.0-py3.10.egg-info/top_level.txt
-- Installing: /home/kmw/ros2_ws/src/install/cv_msg/lib/python3.10/site-packages/cv_msg-0.0.0-py3.10.egg-info/dependency_links.txt
-- Installing: /home/kmw/ros2_ws/src/install/cv_msg/lib/python3.10/site-packages/cv_msg
-- Installing: /home/kmw/ros2_ws/src/install/cv_msg/lib/python3.10/site-packages/cv_msg/cv_msg_s__rosidl_typesupport_introspection_c.cpython-310-x86_64-linux-gnu.so
-- Installing: /home/kmw/ros2_ws/src/install/cv_msg/lib/python3.10/site-packages/cv_msg/libcv_msg__rosidl_generator_py.so
-- Installing: /home/kmw/ros2_ws/src/install/cv_msg/lib/python3.10/site-packages/cv_msg/cv_msg_s__rosidl_typesupport_fastrtps_c.cpython-310-x86_64-linux-gnu.so
-- Installing: /home/kmw/ros2_ws/src/install/cv_msg/lib/python3.10/site-packages/cv_msg/srv
-- Installing: /home/kmw/ros2_ws/src/install/cv_msg/lib/python3.10/site-packages/cv_msg/srv/_srv_good_s.c
-- Installing: /home/kmw/ros2_ws/src/install/cv_msg/lib/python3.10/site-packages/cv_msg/srv/_srv_arduino.py
-- Installing: /home/kmw/ros2_ws/src/install/cv_msg/lib/python3.10/site-packages/cv_msg/srv/_srv_motor.py
-- Installing: /home/kmw/ros2_ws/src/install/cv_msg/lib/python3.10/site-packages/cv_msg/srv/_srv_arduino_s.c
-- Installing: /home/kmw/ros2_ws/src/install/cv_msg/lib/python3.10/site-packages/cv_msg/srv/_srv_motor_s.c
-- Installing: /home/kmw/ros2_ws/src/install/cv_msg/lib/python3.10/site-packages/cv_msg/srv/_srv_good.py
-- Installing: /home/kmw/ros2_ws/src/install/cv_msg/lib/python3.10/site-packages/cv_msg/srv/_srv_servo.py
-- Installing: /home/kmw/ros2_ws/src/install/cv_msg/lib/python3.10/site-packages/cv_msg/srv/__init__.py
-- Installing: /home/kmw/ros2_ws/src/install/cv_msg/lib/python3.10/site-packages/cv_msg/srv/_srv_servo_s.c
-- Installing: /home/kmw/ros2_ws/src/install/cv_msg/lib/python3.10/site-packages/cv_msg/cv_msg_s__rosidl_typesupport_c.cpython-310-x86_64-linux-gnu.so
-- Installing: /home/kmw/ros2_ws/src/install/cv_msg/lib/python3.10/site-packages/cv_msg/__init__.py
-- Installing: /home/kmw/ros2_ws/src/install/cv_msg/lib/python3.10/site-packages/cv_msg/_cv_msg_s.ep.rosidl_typesupport_fastrtps_c.c
-- Installing: /home/kmw/ros2_ws/src/install/cv_msg/lib/python3.10/site-packages/cv_msg/_cv_msg_s.ep.rosidl_typesupport_introspection_c.c
-- Installing: /home/kmw/ros2_ws/src/install/cv_msg/lib/python3.10/site-packages/cv_msg/msg
-- Installing: /home/kmw/ros2_ws/src/install/cv_msg/lib/python3.10/site-packages/cv_msg/msg/_msg_center_s.c
-- Installing: /home/kmw/ros2_ws/src/install/cv_msg/lib/python3.10/site-packages/cv_msg/msg/_msg_servo.py
-- Installing: /home/kmw/ros2_ws/src/install/cv_msg/lib/python3.10/site-packages/cv_msg/msg/_msg_center.py
-- Installing: /home/kmw/ros2_ws/src/install/cv_msg/lib/python3.10/site-packages/cv_msg/msg/_msg_servo_s.c
-- Installing: /home/kmw/ros2_ws/src/install/cv_msg/lib/python3.10/site-packages/cv_msg/msg/__init__.py
-- Installing: /home/kmw/ros2_ws/src/install/cv_msg/lib/python3.10/site-packages/cv_msg/_cv_msg_s.ep.rosidl_typesupport_c.c
Listing '/home/kmw/ros2_ws/src/install/cv_msg/lib/python3.10/site-packages/cv_msg'...
Compiling '/home/kmw/ros2_ws/src/install/cv_msg/lib/python3.10/site-packages/cv_msg/__init__.py'...
Listing '/home/kmw/ros2_ws/src/install/cv_msg/lib/python3.10/site-packages/cv_msg/msg'...
Compiling '/home/kmw/ros2_ws/src/install/cv_msg/lib/python3.10/site-packages/cv_msg/msg/__init__.py'...
Compiling '/home/kmw/ros2_ws/src/install/cv_msg/lib/python3.10/site-packages/cv_msg/msg/_msg_center.py'...
Compiling '/home/kmw/ros2_ws/src/install/cv_msg/lib/python3.10/site-packages/cv_msg/msg/_msg_servo.py'...
Listing '/home/kmw/ros2_ws/src/install/cv_msg/lib/python3.10/site-packages/cv_msg/srv'...
Compiling '/home/kmw/ros2_ws/src/install/cv_msg/lib/python3.10/site-packages/cv_msg/srv/__init__.py'...
Compiling '/home/kmw/ros2_ws/src/install/cv_msg/lib/python3.10/site-packages/cv_msg/srv/_srv_arduino.py'...
Compiling '/home/kmw/ros2_ws/src/install/cv_msg/lib/python3.10/site-packages/cv_msg/srv/_srv_good.py'...
Compiling '/home/kmw/ros2_ws/src/install/cv_msg/lib/python3.10/site-packages/cv_msg/srv/_srv_motor.py'...
Compiling '/home/kmw/ros2_ws/src/install/cv_msg/lib/python3.10/site-packages/cv_msg/srv/_srv_servo.py'...
-- Installing: /home/kmw/ros2_ws/src/install/cv_msg/lib/python3.10/site-packages/cv_msg/cv_msg_s__rosidl_typesupport_fastrtps_c.cpython-310-x86_64-linux-gnu.so
-- Set runtime path of "/home/kmw/ros2_ws/src/install/cv_msg/lib/python3.10/site-packages/cv_msg/cv_msg_s__rosidl_typesupport_fastrtps_c.cpython-310-x86_64-linux-gnu.so" to ""
-- Installing: /home/kmw/ros2_ws/src/install/cv_msg/lib/python3.10/site-packages/cv_msg/cv_msg_s__rosidl_typesupport_introspection_c.cpython-310-x86_64-linux-gnu.so
-- Set runtime path of "/home/kmw/ros2_ws/src/install/cv_msg/lib/python3.10/site-packages/cv_msg/cv_msg_s__rosidl_typesupport_introspection_c.cpython-310-x86_64-linux-gnu.so" to ""
-- Installing: /home/kmw/ros2_ws/src/install/cv_msg/lib/python3.10/site-packages/cv_msg/cv_msg_s__rosidl_typesupport_c.cpython-310-x86_64-linux-gnu.so
-- Set runtime path of "/home/kmw/ros2_ws/src/install/cv_msg/lib/python3.10/site-packages/cv_msg/cv_msg_s__rosidl_typesupport_c.cpython-310-x86_64-linux-gnu.so" to ""
-- Installing: /home/kmw/ros2_ws/src/install/cv_msg/lib/libcv_msg__rosidl_generator_py.so
-- Set runtime path of "/home/kmw/ros2_ws/src/install/cv_msg/lib/libcv_msg__rosidl_generator_py.so" to ""
-- Installing: /home/kmw/ros2_ws/src/install/cv_msg/share/cv_msg/msg/MsgServo.idl
-- Installing: /home/kmw/ros2_ws/src/install/cv_msg/share/cv_msg/msg/MsgCenter.idl
-- Installing: /home/kmw/ros2_ws/src/install/cv_msg/share/cv_msg/srv/SrvGood.idl
-- Installing: /home/kmw/ros2_ws/src/install/cv_msg/share/cv_msg/srv/SrvArduino.idl
-- Installing: /home/kmw/ros2_ws/src/install/cv_msg/share/cv_msg/srv/SrvMotor.idl
-- Installing: /home/kmw/ros2_ws/src/install/cv_msg/share/cv_msg/srv/SrvServo.idl
-- Installing: /home/kmw/ros2_ws/src/install/cv_msg/share/cv_msg/msg/MsgServo.msg
-- Installing: /home/kmw/ros2_ws/src/install/cv_msg/share/cv_msg/msg/MsgCenter.msg
-- Installing: /home/kmw/ros2_ws/src/install/cv_msg/share/cv_msg/srv/SrvGood.srv
-- Installing: /home/kmw/ros2_ws/src/install/cv_msg/share/cv_msg/srv/SrvGood_Request.msg
-- Installing: /home/kmw/ros2_ws/src/install/cv_msg/share/cv_msg/srv/SrvGood_Response.msg
-- Installing: /home/kmw/ros2_ws/src/install/cv_msg/share/cv_msg/srv/SrvArduino.srv
-- Installing: /home/kmw/ros2_ws/src/install/cv_msg/share/cv_msg/srv/SrvArduino_Request.msg
-- Installing: /home/kmw/ros2_ws/src/install/cv_msg/share/cv_msg/srv/SrvArduino_Response.msg
-- Installing: /home/kmw/ros2_ws/src/install/cv_msg/share/cv_msg/srv/SrvMotor.srv
-- Installing: /home/kmw/ros2_ws/src/install/cv_msg/share/cv_msg/srv/SrvMotor_Request.msg
-- Installing: /home/kmw/ros2_ws/src/install/cv_msg/share/cv_msg/srv/SrvMotor_Response.msg
-- Installing: /home/kmw/ros2_ws/src/install/cv_msg/share/cv_msg/srv/SrvServo.srv
-- Installing: /home/kmw/ros2_ws/src/install/cv_msg/share/cv_msg/srv/SrvServo_Request.msg
-- Installing: /home/kmw/ros2_ws/src/install/cv_msg/share/cv_msg/srv/SrvServo_Response.msg
-- Installing: /home/kmw/ros2_ws/src/install/cv_msg/share/ament_index/resource_index/package_run_dependencies/cv_msg
-- Installing: /home/kmw/ros2_ws/src/install/cv_msg/share/ament_index/resource_index/parent_prefix_path/cv_msg
-- Installing: /home/kmw/ros2_ws/src/install/cv_msg/share/cv_msg/environment/ament_prefix_path.sh
-- Installing: /home/kmw/ros2_ws/src/install/cv_msg/share/cv_msg/environment/ament_prefix_path.dsv
-- Installing: /home/kmw/ros2_ws/src/install/cv_msg/share/cv_msg/environment/path.sh
-- Installing: /home/kmw/ros2_ws/src/install/cv_msg/share/cv_msg/environment/path.dsv
-- Installing: /home/kmw/ros2_ws/src/install/cv_msg/share/cv_msg/local_setup.bash
-- Installing: /home/kmw/ros2_ws/src/install/cv_msg/share/cv_msg/local_setup.sh
-- Installing: /home/kmw/ros2_ws/src/install/cv_msg/share/cv_msg/local_setup.zsh
-- Installing: /home/kmw/ros2_ws/src/install/cv_msg/share/cv_msg/local_setup.dsv
-- Installing: /home/kmw/ros2_ws/src/install/cv_msg/share/cv_msg/package.dsv
-- Installing: /home/kmw/ros2_ws/src/install/cv_msg/share/ament_index/resource_index/packages/cv_msg
-- Installing: /home/kmw/ros2_ws/src/install/cv_msg/share/cv_msg/cmake/export_cv_msg__rosidl_generator_cExport.cmake
-- Installing: /home/kmw/ros2_ws/src/install/cv_msg/share/cv_msg/cmake/export_cv_msg__rosidl_generator_cExport-noconfig.cmake
-- Installing: /home/kmw/ros2_ws/src/install/cv_msg/share/cv_msg/cmake/export_cv_msg__rosidl_typesupport_fastrtps_cExport.cmake
-- Installing: /home/kmw/ros2_ws/src/install/cv_msg/share/cv_msg/cmake/export_cv_msg__rosidl_typesupport_fastrtps_cExport-noconfig.cmake
-- Installing: /home/kmw/ros2_ws/src/install/cv_msg/share/cv_msg/cmake/cv_msg__rosidl_typesupport_introspection_cExport.cmake
-- Installing: /home/kmw/ros2_ws/src/install/cv_msg/share/cv_msg/cmake/cv_msg__rosidl_typesupport_introspection_cExport-noconfig.cmake
-- Installing: /home/kmw/ros2_ws/src/install/cv_msg/share/cv_msg/cmake/cv_msg__rosidl_typesupport_cExport.cmake
-- Installing: /home/kmw/ros2_ws/src/install/cv_msg/share/cv_msg/cmake/cv_msg__rosidl_typesupport_cExport-noconfig.cmake
-- Installing: /home/kmw/ros2_ws/src/install/cv_msg/share/cv_msg/cmake/export_cv_msg__rosidl_generator_cppExport.cmake
-- Installing: /home/kmw/ros2_ws/src/install/cv_msg/share/cv_msg/cmake/export_cv_msg__rosidl_typesupport_fastrtps_cppExport.cmake
-- Installing: /home/kmw/ros2_ws/src/install/cv_msg/share/cv_msg/cmake/export_cv_msg__rosidl_typesupport_fastrtps_cppExport-noconfig.cmake
-- Installing: /home/kmw/ros2_ws/src/install/cv_msg/share/cv_msg/cmake/cv_msg__rosidl_typesupport_introspection_cppExport.cmake
-- Installing: /home/kmw/ros2_ws/src/install/cv_msg/share/cv_msg/cmake/cv_msg__rosidl_typesupport_introspection_cppExport-noconfig.cmake
-- Installing: /home/kmw/ros2_ws/src/install/cv_msg/share/cv_msg/cmake/cv_msg__rosidl_typesupport_cppExport.cmake
-- Installing: /home/kmw/ros2_ws/src/install/cv_msg/share/cv_msg/cmake/cv_msg__rosidl_typesupport_cppExport-noconfig.cmake
-- Installing: /home/kmw/ros2_ws/src/install/cv_msg/share/cv_msg/cmake/export_cv_msg__rosidl_generator_pyExport.cmake
-- Installing: /home/kmw/ros2_ws/src/install/cv_msg/share/cv_msg/cmake/export_cv_msg__rosidl_generator_pyExport-noconfig.cmake
-- Installing: /home/kmw/ros2_ws/src/install/cv_msg/share/cv_msg/cmake/rosidl_cmake-extras.cmake
-- Installing: /home/kmw/ros2_ws/src/install/cv_msg/share/cv_msg/cmake/ament_cmake_export_include_directories-extras.cmake
-- Installing: /home/kmw/ros2_ws/src/install/cv_msg/share/cv_msg/cmake/ament_cmake_export_libraries-extras.cmake
-- Installing: /home/kmw/ros2_ws/src/install/cv_msg/share/cv_msg/cmake/ament_cmake_export_targets-extras.cmake
-- Installing: /home/kmw/ros2_ws/src/install/cv_msg/share/cv_msg/cmake/rosidl_cmake_export_typesupport_targets-extras.cmake
-- Installing: /home/kmw/ros2_ws/src/install/cv_msg/share/cv_msg/cmake/ament_cmake_export_dependencies-extras.cmake
-- Installing: /home/kmw/ros2_ws/src/install/cv_msg/share/cv_msg/cmake/rosidl_cmake_export_typesupport_libraries-extras.cmake
-- Installing: /home/kmw/ros2_ws/src/install/cv_msg/share/cv_msg/cmake/cv_msgConfig.cmake
-- Installing: /home/kmw/ros2_ws/src/install/cv_msg/share/cv_msg/cmake/cv_msgConfig-version.cmake
-- Installing: /home/kmw/ros2_ws/src/install/cv_msg/share/cv_msg/package.xml
