[1.190s] Invoking command in '/home/kmw/ros2_ws/src/build/cv_msg': CMAKE_PREFIX_PATH=${CMAKE_PREFIX_PATH}:/home/kmw/ros2_ws/install/ros_servo:/home/kmw/ros2_ws/install/ros_ardu_motor:/home/kmw/ros2_ws/install/ros_ardu:/home/kmw/ros2_ws/install/ros_good:/home/kmw/ros2_ws/install/cv_center:/home/kmw/ros2_ws/install/ros_cv:/home/kmw/ros2_ws/install/ros_msg:/home/kmw/ros2_ws/install/py_srv:/opt/ros/humble CONDA_PROMPT_MODIFIER=(ros2_py310) /usr/bin/cmake /home/kmw/ros2_ws/src/cv_msg -DCMAKE_INSTALL_PREFIX=/home/kmw/ros2_ws/src/install/cv_msg
[3.869s] -- The C compiler identification is GNU 11.4.0
[3.869s] -- The CXX compiler identification is GNU 11.4.0
[3.870s] -- Detecting C compiler ABI info
[3.870s] -- Detecting C compiler ABI info - done
[3.870s] -- Check for working C compiler: /usr/bin/cc - skipped
[3.870s] -- Detecting C compile features
[3.872s] -- Detecting C compile features - done
[3.872s] -- Detecting CXX compiler ABI info
[3.874s] -- Detecting CXX compiler ABI info - done
[3.875s] -- Check for working CXX compiler: /usr/bin/c++ - skipped
[3.875s] -- Detecting CXX compile features
[3.875s] -- Detecting CXX compile features - done
[3.875s] -- Found ament_cmake: 1.3.10 (/opt/ros/humble/share/ament_cmake/cmake)
[3.875s] -- Found Python3: /home/kmw/miniconda3/envs/ros2_py310/bin/python3 (found version "3.10.14") found components: Interpreter 
[3.875s] -- Found rosidl_default_generators: 1.2.0 (/opt/ros/humble/share/rosidl_default_generators/cmake)
[3.876s] -- Using all available rosidl_typesupport_c: rosidl_typesupport_fastrtps_c;rosidl_typesupport_introspection_c
[3.876s] -- Found rosidl_adapter: 3.1.5 (/opt/ros/humble/share/rosidl_adapter/cmake)
[3.876s] -- Using all available rosidl_typesupport_cpp: rosidl_typesupport_fastrtps_cpp;rosidl_typesupport_introspection_cpp
[6.267s] -- Found Python3: /home/kmw/miniconda3/envs/ros2_py310/bin/python3 (found version "3.10.14") found components: Interpreter Development NumPy Development.Module Development.Embed 
[6.671s] -- Found Python3: /home/kmw/miniconda3/envs/ros2_py310/bin/python3 (found version "3.10.14") found components: Interpreter 
[8.611s] -- Found ament_cmake_ros: 0.10.0 (/opt/ros/humble/share/ament_cmake_ros/cmake)
[9.300s] -- Using all available rosidl_typesupport_c: rosidl_typesupport_fastrtps_c;rosidl_typesupport_introspection_c
[10.222s] -- Using all available rosidl_typesupport_cpp: rosidl_typesupport_fastrtps_cpp;rosidl_typesupport_introspection_cpp
[10.292s] -- Found PythonInterp: /home/kmw/miniconda3/envs/ros2_py310/bin/python3 (found suitable version "3.10.14", minimum required is "3.6") 
[10.300s] -- Found python_cmake_module: 0.10.0 (/opt/ros/humble/share/python_cmake_module/cmake)
[10.366s] -- Found PythonLibs: /home/kmw/miniconda3/envs/ros2_py310/lib/libpython3.10.so (found suitable version "3.10.14", minimum required is "3.5") 
[10.367s] -- Using PYTHON_EXECUTABLE: /home/kmw/miniconda3/envs/ros2_py310/bin/python3
[10.367s] -- Using PYTHON_INCLUDE_DIRS: /home/kmw/miniconda3/envs/ros2_py310/include/python3.10
[10.369s] -- Using PYTHON_LIBRARIES: /home/kmw/miniconda3/envs/ros2_py310/lib/libpython3.10.so
[10.429s] -- Found PythonExtra: .so  
[11.167s] -- Using numpy include directory: /home/kmw/miniconda3/envs/ros2_py310/lib/python3.10/site-packages/numpy/_core/include
[11.334s] -- Found ament_lint_auto: 0.12.11 (/opt/ros/humble/share/ament_lint_auto/cmake)
[11.572s] -- Added test 'lint_cmake' to check CMake code style
[11.583s] -- Added test 'xmllint' to check XML markup files
[11.604s] -- Configuring done
[11.742s] -- Generating done
[11.751s] -- Build files have been written to: /home/kmw/ros2_ws/src/build/cv_msg
[12.475s] Invoked command in '/home/kmw/ros2_ws/src/build/cv_msg' returned '0': CMAKE_PREFIX_PATH=${CMAKE_PREFIX_PATH}:/home/kmw/ros2_ws/install/ros_servo:/home/kmw/ros2_ws/install/ros_ardu_motor:/home/kmw/ros2_ws/install/ros_ardu:/home/kmw/ros2_ws/install/ros_good:/home/kmw/ros2_ws/install/cv_center:/home/kmw/ros2_ws/install/ros_cv:/home/kmw/ros2_ws/install/ros_msg:/home/kmw/ros2_ws/install/py_srv:/opt/ros/humble CONDA_PROMPT_MODIFIER=(ros2_py310) /usr/bin/cmake /home/kmw/ros2_ws/src/cv_msg -DCMAKE_INSTALL_PREFIX=/home/kmw/ros2_ws/src/install/cv_msg
[12.482s] Invoking command in '/home/kmw/ros2_ws/src/build/cv_msg': CMAKE_PREFIX_PATH=${CMAKE_PREFIX_PATH}:/home/kmw/ros2_ws/install/ros_servo:/home/kmw/ros2_ws/install/ros_ardu_motor:/home/kmw/ros2_ws/install/ros_ardu:/home/kmw/ros2_ws/install/ros_good:/home/kmw/ros2_ws/install/cv_center:/home/kmw/ros2_ws/install/ros_cv:/home/kmw/ros2_ws/install/ros_msg:/home/kmw/ros2_ws/install/py_srv:/opt/ros/humble CONDA_PROMPT_MODIFIER=(ros2_py310) /usr/bin/cmake --build /home/kmw/ros2_ws/src/build/cv_msg -- -j8 -l8
[12.629s] [  1%] [34m[1mGenerating C code for ROS interfaces[0m
[12.692s] [  2%] [34m[1mGenerating C++ code for ROS interfaces[0m
[12.719s] [  2%] Built target ament_cmake_python_copy_cv_msg
[13.826s] running egg_info
[13.830s] creating cv_msg.egg-info
[13.898s] writing cv_msg.egg-info/PKG-INFO
[13.899s] writing dependency_links to cv_msg.egg-info/dependency_links.txt
[13.900s] writing top-level names to cv_msg.egg-info/top_level.txt
[13.900s] writing manifest file 'cv_msg.egg-info/SOURCES.txt'
[14.087s] reading manifest file 'cv_msg.egg-info/SOURCES.txt'
[14.090s] writing manifest file 'cv_msg.egg-info/SOURCES.txt'
[14.164s] [  2%] Built target ament_cmake_python_build_cv_msg_egg
[14.651s] [  2%] Built target cv_msg__cpp
[14.682s] [  4%] [34m[1mGenerating C++ introspection for ROS interfaces[0m
[14.707s] [  5%] [34m[1mGenerating C++ type support for eProsima Fast-RTPS[0m
[14.717s] [  7%] [34m[1mGenerating C++ type support dispatch for ROS interfaces[0m
[14.919s] [  8%] [32mBuilding C object CMakeFiles/cv_msg__rosidl_generator_c.dir/rosidl_generator_c/cv_msg/msg/detail/msg_servo__functions.c.o[0m
[14.923s] [  9%] [32mBuilding C object CMakeFiles/cv_msg__rosidl_generator_c.dir/rosidl_generator_c/cv_msg/srv/detail/srv_good__functions.c.o[0m
[14.929s] [ 11%] [32mBuilding C object CMakeFiles/cv_msg__rosidl_generator_c.dir/rosidl_generator_c/cv_msg/msg/detail/msg_center__functions.c.o[0m
[14.940s] [ 12%] [32mBuilding C object CMakeFiles/cv_msg__rosidl_generator_c.dir/rosidl_generator_c/cv_msg/srv/detail/srv_motor__functions.c.o[0m
[14.956s] [ 14%] [32mBuilding C object CMakeFiles/cv_msg__rosidl_generator_c.dir/rosidl_generator_c/cv_msg/srv/detail/srv_arduino__functions.c.o[0m
[15.172s] [ 15%] [32mBuilding C object CMakeFiles/cv_msg__rosidl_generator_c.dir/rosidl_generator_c/cv_msg/srv/detail/srv_servo__functions.c.o[0m
[15.303s] [ 16%] [32m[1mLinking C shared library libcv_msg__rosidl_generator_c.so[0m
[15.379s] [ 16%] Built target cv_msg__rosidl_generator_c
[15.405s] [ 19%] [34m[1mGenerating C introspection for ROS interfaces[0m
[15.405s] [ 19%] [34m[1mGenerating C type support for eProsima Fast-RTPS[0m
[15.405s] [ 21%] [34m[1mGenerating C type support dispatch for ROS interfaces[0m
[16.259s] [ 22%] [32mBuilding CXX object CMakeFiles/cv_msg__rosidl_typesupport_cpp.dir/rosidl_typesupport_cpp/cv_msg/srv/srv_good__type_support.cpp.o[0m
[16.274s] [ 23%] [32mBuilding CXX object CMakeFiles/cv_msg__rosidl_typesupport_cpp.dir/rosidl_typesupport_cpp/cv_msg/msg/msg_servo__type_support.cpp.o[0m
[16.287s] [ 25%] [32mBuilding CXX object CMakeFiles/cv_msg__rosidl_typesupport_cpp.dir/rosidl_typesupport_cpp/cv_msg/msg/msg_center__type_support.cpp.o[0m
[17.153s] [ 26%] [32mBuilding CXX object CMakeFiles/cv_msg__rosidl_typesupport_introspection_cpp.dir/rosidl_typesupport_introspection_cpp/cv_msg/msg/detail/msg_servo__type_support.cpp.o[0m
[17.223s] [ 28%] [32mBuilding CXX object CMakeFiles/cv_msg__rosidl_typesupport_c.dir/rosidl_typesupport_c/cv_msg/msg/msg_servo__type_support.cpp.o[0m
[17.458s] [ 29%] [32mBuilding CXX object CMakeFiles/cv_msg__rosidl_typesupport_c.dir/rosidl_typesupport_c/cv_msg/msg/msg_center__type_support.cpp.o[0m
[17.576s] [ 30%] [32mBuilding CXX object CMakeFiles/cv_msg__rosidl_typesupport_c.dir/rosidl_typesupport_c/cv_msg/srv/srv_good__type_support.cpp.o[0m
[17.646s] [ 32%] [32mBuilding CXX object CMakeFiles/cv_msg__rosidl_typesupport_fastrtps_cpp.dir/rosidl_typesupport_fastrtps_cpp/cv_msg/msg/detail/dds_fastrtps/msg_servo__type_support.cpp.o[0m
[17.803s] [ 33%] [32mBuilding CXX object CMakeFiles/cv_msg__rosidl_typesupport_fastrtps_cpp.dir/rosidl_typesupport_fastrtps_cpp/cv_msg/msg/detail/dds_fastrtps/msg_center__type_support.cpp.o[0m
[17.818s] [ 35%] [32mBuilding CXX object CMakeFiles/cv_msg__rosidl_typesupport_c.dir/rosidl_typesupport_c/cv_msg/srv/srv_arduino__type_support.cpp.o[0m
[17.858s] [ 36%] [32mBuilding CXX object CMakeFiles/cv_msg__rosidl_typesupport_fastrtps_cpp.dir/rosidl_typesupport_fastrtps_cpp/cv_msg/srv/detail/dds_fastrtps/srv_good__type_support.cpp.o[0m
[17.883s] [ 38%] [32mBuilding CXX object CMakeFiles/cv_msg__rosidl_typesupport_cpp.dir/rosidl_typesupport_cpp/cv_msg/srv/srv_arduino__type_support.cpp.o[0m
[17.948s] [ 39%] [32mBuilding CXX object CMakeFiles/cv_msg__rosidl_typesupport_c.dir/rosidl_typesupport_c/cv_msg/srv/srv_motor__type_support.cpp.o[0m
[17.986s] [ 40%] [32mBuilding CXX object CMakeFiles/cv_msg__rosidl_typesupport_fastrtps_c.dir/rosidl_typesupport_fastrtps_c/cv_msg/msg/detail/msg_servo__type_support_c.cpp.o[0m
[18.047s] [ 42%] [32mBuilding CXX object CMakeFiles/cv_msg__rosidl_typesupport_c.dir/rosidl_typesupport_c/cv_msg/srv/srv_servo__type_support.cpp.o[0m
[18.150s] [ 43%] [32mBuilding C object CMakeFiles/cv_msg__rosidl_typesupport_introspection_c.dir/rosidl_typesupport_introspection_c/cv_msg/msg/detail/msg_servo__type_support.c.o[0m
[18.156s] [ 45%] [32m[1mLinking CXX shared library libcv_msg__rosidl_typesupport_c.so[0m
[18.315s] [ 46%] [32mBuilding C object CMakeFiles/cv_msg__rosidl_typesupport_introspection_c.dir/rosidl_typesupport_introspection_c/cv_msg/msg/detail/msg_center__type_support.c.o[0m
[18.438s] [ 46%] Built target cv_msg__rosidl_typesupport_c
[18.507s] [ 47%] [32mBuilding C object CMakeFiles/cv_msg__rosidl_typesupport_introspection_c.dir/rosidl_typesupport_introspection_c/cv_msg/srv/detail/srv_good__type_support.c.o[0m
[18.593s] [ 49%] [32mBuilding CXX object CMakeFiles/cv_msg__rosidl_typesupport_fastrtps_c.dir/rosidl_typesupport_fastrtps_c/cv_msg/msg/detail/msg_center__type_support_c.cpp.o[0m
[18.846s] [ 50%] [32mBuilding C object CMakeFiles/cv_msg__rosidl_typesupport_introspection_c.dir/rosidl_typesupport_introspection_c/cv_msg/srv/detail/srv_arduino__type_support.c.o[0m
[18.997s] [ 52%] [32mBuilding C object CMakeFiles/cv_msg__rosidl_typesupport_introspection_c.dir/rosidl_typesupport_introspection_c/cv_msg/srv/detail/srv_motor__type_support.c.o[0m
[19.218s] [ 53%] [32mBuilding CXX object CMakeFiles/cv_msg__rosidl_typesupport_introspection_cpp.dir/rosidl_typesupport_introspection_cpp/cv_msg/msg/detail/msg_center__type_support.cpp.o[0m
[19.233s] [ 54%] [32mBuilding C object CMakeFiles/cv_msg__rosidl_typesupport_introspection_c.dir/rosidl_typesupport_introspection_c/cv_msg/srv/detail/srv_servo__type_support.c.o[0m
[19.402s] [ 56%] [32mBuilding CXX object CMakeFiles/cv_msg__rosidl_typesupport_cpp.dir/rosidl_typesupport_cpp/cv_msg/srv/srv_motor__type_support.cpp.o[0m
[19.635s] [ 57%] [32m[1mLinking C shared library libcv_msg__rosidl_typesupport_introspection_c.so[0m
[19.953s] [ 59%] [32mBuilding CXX object CMakeFiles/cv_msg__rosidl_typesupport_introspection_cpp.dir/rosidl_typesupport_introspection_cpp/cv_msg/srv/detail/srv_good__type_support.cpp.o[0m
[20.058s] [ 59%] Built target cv_msg__rosidl_typesupport_introspection_c
[20.167s] [ 60%] [32mBuilding CXX object CMakeFiles/cv_msg__rosidl_typesupport_fastrtps_cpp.dir/rosidl_typesupport_fastrtps_cpp/cv_msg/srv/detail/dds_fastrtps/srv_arduino__type_support.cpp.o[0m
[20.266s] [ 61%] [32mBuilding CXX object CMakeFiles/cv_msg__rosidl_typesupport_introspection_cpp.dir/rosidl_typesupport_introspection_cpp/cv_msg/srv/detail/srv_arduino__type_support.cpp.o[0m
[20.828s] [ 63%] [32mBuilding CXX object CMakeFiles/cv_msg__rosidl_typesupport_fastrtps_cpp.dir/rosidl_typesupport_fastrtps_cpp/cv_msg/srv/detail/dds_fastrtps/srv_motor__type_support.cpp.o[0m
[20.886s] [ 64%] [32mBuilding CXX object CMakeFiles/cv_msg__rosidl_typesupport_cpp.dir/rosidl_typesupport_cpp/cv_msg/srv/srv_servo__type_support.cpp.o[0m
[21.469s] [ 66%] [32mBuilding CXX object CMakeFiles/cv_msg__rosidl_typesupport_fastrtps_c.dir/rosidl_typesupport_fastrtps_c/cv_msg/srv/detail/srv_good__type_support_c.cpp.o[0m
[21.562s] [ 67%] [32mBuilding CXX object CMakeFiles/cv_msg__rosidl_typesupport_introspection_cpp.dir/rosidl_typesupport_introspection_cpp/cv_msg/srv/detail/srv_motor__type_support.cpp.o[0m
[22.255s] [ 69%] [32mBuilding CXX object CMakeFiles/cv_msg__rosidl_typesupport_fastrtps_c.dir/rosidl_typesupport_fastrtps_c/cv_msg/srv/detail/srv_arduino__type_support_c.cpp.o[0m
[22.487s] [ 70%] [32mBuilding CXX object CMakeFiles/cv_msg__rosidl_typesupport_fastrtps_c.dir/rosidl_typesupport_fastrtps_c/cv_msg/srv/detail/srv_motor__type_support_c.cpp.o[0m
[22.744s] [ 71%] [32m[1mLinking CXX shared library libcv_msg__rosidl_typesupport_cpp.so[0m
[23.071s] [ 71%] Built target cv_msg__rosidl_typesupport_cpp
[23.147s] [ 73%] [32mBuilding CXX object CMakeFiles/cv_msg__rosidl_typesupport_fastrtps_c.dir/rosidl_typesupport_fastrtps_c/cv_msg/srv/detail/srv_servo__type_support_c.cpp.o[0m
[23.228s] [ 74%] [32mBuilding CXX object CMakeFiles/cv_msg__rosidl_typesupport_fastrtps_cpp.dir/rosidl_typesupport_fastrtps_cpp/cv_msg/srv/detail/dds_fastrtps/srv_servo__type_support.cpp.o[0m
[23.250s] [ 76%] [32mBuilding CXX object CMakeFiles/cv_msg__rosidl_typesupport_introspection_cpp.dir/rosidl_typesupport_introspection_cpp/cv_msg/srv/detail/srv_servo__type_support.cpp.o[0m
[24.106s] [ 77%] [32m[1mLinking CXX shared library libcv_msg__rosidl_typesupport_fastrtps_c.so[0m
[24.130s] [ 78%] [32m[1mLinking CXX shared library libcv_msg__rosidl_typesupport_introspection_cpp.so[0m
[24.228s] [ 78%] Built target cv_msg__rosidl_typesupport_introspection_cpp
[24.300s] [ 78%] Built target cv_msg__rosidl_typesupport_fastrtps_c
[24.336s] [ 80%] [32m[1mLinking CXX shared library libcv_msg__rosidl_typesupport_fastrtps_cpp.so[0m
[24.493s] [ 80%] Built target cv_msg__rosidl_typesupport_fastrtps_cpp
[24.528s] [ 80%] Built target cv_msg
[24.562s] [ 81%] [34m[1mGenerating Python code for ROS interfaces[0m
[26.334s] [ 81%] Built target cv_msg__py
[26.380s] [ 83%] [32mBuilding C object CMakeFiles/cv_msg__rosidl_generator_py.dir/rosidl_generator_py/cv_msg/msg/_msg_servo_s.c.o[0m
[26.382s] [ 84%] [32mBuilding C object CMakeFiles/cv_msg__rosidl_generator_py.dir/rosidl_generator_py/cv_msg/srv/_srv_motor_s.c.o[0m
[26.386s] [ 85%] [32mBuilding C object CMakeFiles/cv_msg__rosidl_generator_py.dir/rosidl_generator_py/cv_msg/srv/_srv_good_s.c.o[0m
[26.387s] [ 88%] [32mBuilding C object CMakeFiles/cv_msg__rosidl_generator_py.dir/rosidl_generator_py/cv_msg/msg/_msg_center_s.c.o[0m
[26.388s] [ 88%] [32mBuilding C object CMakeFiles/cv_msg__rosidl_generator_py.dir/rosidl_generator_py/cv_msg/srv/_srv_arduino_s.c.o[0m
[26.388s] [ 90%] [32mBuilding C object CMakeFiles/cv_msg__rosidl_generator_py.dir/rosidl_generator_py/cv_msg/srv/_srv_servo_s.c.o[0m
[26.701s] [ 91%] [32m[1mLinking C shared library rosidl_generator_py/cv_msg/libcv_msg__rosidl_generator_py.so[0m
[26.777s] [ 91%] Built target cv_msg__rosidl_generator_py
[26.819s] [ 94%] [32mBuilding C object CMakeFiles/cv_msg__rosidl_typesupport_fastrtps_c__pyext.dir/rosidl_generator_py/cv_msg/_cv_msg_s.ep.rosidl_typesupport_fastrtps_c.c.o[0m
[26.819s] [ 94%] [32mBuilding C object CMakeFiles/cv_msg__rosidl_typesupport_introspection_c__pyext.dir/rosidl_generator_py/cv_msg/_cv_msg_s.ep.rosidl_typesupport_introspection_c.c.o[0m
[26.823s] [ 95%] [32mBuilding C object CMakeFiles/cv_msg__rosidl_typesupport_c__pyext.dir/rosidl_generator_py/cv_msg/_cv_msg_s.ep.rosidl_typesupport_c.c.o[0m
[27.077s] [ 97%] [32m[1mLinking C shared library rosidl_generator_py/cv_msg/cv_msg_s__rosidl_typesupport_fastrtps_c.cpython-310-x86_64-linux-gnu.so[0m
[27.078s] [ 98%] [32m[1mLinking C shared library rosidl_generator_py/cv_msg/cv_msg_s__rosidl_typesupport_introspection_c.cpython-310-x86_64-linux-gnu.so[0m
[27.083s] [100%] [32m[1mLinking C shared library rosidl_generator_py/cv_msg/cv_msg_s__rosidl_typesupport_c.cpython-310-x86_64-linux-gnu.so[0m
[27.147s] [100%] Built target cv_msg__rosidl_typesupport_introspection_c__pyext
[27.148s] [100%] Built target cv_msg__rosidl_typesupport_fastrtps_c__pyext
[27.155s] [100%] Built target cv_msg__rosidl_typesupport_c__pyext
[27.184s] Invoked command in '/home/kmw/ros2_ws/src/build/cv_msg' returned '0': CMAKE_PREFIX_PATH=${CMAKE_PREFIX_PATH}:/home/kmw/ros2_ws/install/ros_servo:/home/kmw/ros2_ws/install/ros_ardu_motor:/home/kmw/ros2_ws/install/ros_ardu:/home/kmw/ros2_ws/install/ros_good:/home/kmw/ros2_ws/install/cv_center:/home/kmw/ros2_ws/install/ros_cv:/home/kmw/ros2_ws/install/ros_msg:/home/kmw/ros2_ws/install/py_srv:/opt/ros/humble CONDA_PROMPT_MODIFIER=(ros2_py310) /usr/bin/cmake --build /home/kmw/ros2_ws/src/build/cv_msg -- -j8 -l8
[27.645s] Invoking command in '/home/kmw/ros2_ws/src/build/cv_msg': CMAKE_PREFIX_PATH=${CMAKE_PREFIX_PATH}:/home/kmw/ros2_ws/install/ros_servo:/home/kmw/ros2_ws/install/ros_ardu_motor:/home/kmw/ros2_ws/install/ros_ardu:/home/kmw/ros2_ws/install/ros_good:/home/kmw/ros2_ws/install/cv_center:/home/kmw/ros2_ws/install/ros_cv:/home/kmw/ros2_ws/install/ros_msg:/home/kmw/ros2_ws/install/py_srv:/opt/ros/humble CONDA_PROMPT_MODIFIER=(ros2_py310) /usr/bin/cmake --install /home/kmw/ros2_ws/src/build/cv_msg
[27.668s] -- Install configuration: ""
[27.668s] -- Installing: /home/kmw/ros2_ws/src/install/cv_msg/share/ament_index/resource_index/rosidl_interfaces/cv_msg
[27.670s] -- Installing: /home/kmw/ros2_ws/src/install/cv_msg/include/cv_msg/cv_msg
[27.670s] -- Installing: /home/kmw/ros2_ws/src/install/cv_msg/include/cv_msg/cv_msg/srv
[27.671s] -- Installing: /home/kmw/ros2_ws/src/install/cv_msg/include/cv_msg/cv_msg/srv/srv_servo.h
[27.671s] -- Installing: /home/kmw/ros2_ws/src/install/cv_msg/include/cv_msg/cv_msg/srv/detail
[27.672s] -- Installing: /home/kmw/ros2_ws/src/install/cv_msg/include/cv_msg/cv_msg/srv/detail/srv_servo__functions.c
[27.672s] -- Installing: /home/kmw/ros2_ws/src/install/cv_msg/include/cv_msg/cv_msg/srv/detail/srv_good__functions.h
[27.672s] -- Installing: /home/kmw/ros2_ws/src/install/cv_msg/include/cv_msg/cv_msg/srv/detail/srv_arduino__struct.h
[27.673s] -- Installing: /home/kmw/ros2_ws/src/install/cv_msg/include/cv_msg/cv_msg/srv/detail/srv_good__type_support.h
[27.673s] -- Installing: /home/kmw/ros2_ws/src/install/cv_msg/include/cv_msg/cv_msg/srv/detail/srv_motor__functions.c
[27.674s] -- Installing: /home/kmw/ros2_ws/src/install/cv_msg/include/cv_msg/cv_msg/srv/detail/srv_motor__type_support.h
[27.674s] -- Installing: /home/kmw/ros2_ws/src/install/cv_msg/include/cv_msg/cv_msg/srv/detail/srv_motor__functions.h
[27.675s] -- Installing: /home/kmw/ros2_ws/src/install/cv_msg/include/cv_msg/cv_msg/srv/detail/srv_arduino__functions.h
[27.675s] -- Installing: /home/kmw/ros2_ws/src/install/cv_msg/include/cv_msg/cv_msg/srv/detail/srv_arduino__functions.c
[27.675s] -- Installing: /home/kmw/ros2_ws/src/install/cv_msg/include/cv_msg/cv_msg/srv/detail/srv_motor__struct.h
[27.676s] -- Installing: /home/kmw/ros2_ws/src/install/cv_msg/include/cv_msg/cv_msg/srv/detail/srv_servo__functions.h
[27.676s] -- Installing: /home/kmw/ros2_ws/src/install/cv_msg/include/cv_msg/cv_msg/srv/detail/srv_servo__struct.h
[27.676s] -- Installing: /home/kmw/ros2_ws/src/install/cv_msg/include/cv_msg/cv_msg/srv/detail/srv_servo__type_support.h
[27.677s] -- Installing: /home/kmw/ros2_ws/src/install/cv_msg/include/cv_msg/cv_msg/srv/detail/srv_good__functions.c
[27.677s] -- Installing: /home/kmw/ros2_ws/src/install/cv_msg/include/cv_msg/cv_msg/srv/detail/srv_arduino__type_support.h
[27.677s] -- Installing: /home/kmw/ros2_ws/src/install/cv_msg/include/cv_msg/cv_msg/srv/detail/srv_good__struct.h
[27.678s] -- Installing: /home/kmw/ros2_ws/src/install/cv_msg/include/cv_msg/cv_msg/srv/srv_motor.h
[27.678s] -- Installing: /home/kmw/ros2_ws/src/install/cv_msg/include/cv_msg/cv_msg/srv/srv_arduino.h
[27.678s] -- Installing: /home/kmw/ros2_ws/src/install/cv_msg/include/cv_msg/cv_msg/srv/srv_good.h
[27.679s] -- Installing: /home/kmw/ros2_ws/src/install/cv_msg/include/cv_msg/cv_msg/msg
[27.679s] -- Installing: /home/kmw/ros2_ws/src/install/cv_msg/include/cv_msg/cv_msg/msg/msg_servo.h
[27.679s] -- Installing: /home/kmw/ros2_ws/src/install/cv_msg/include/cv_msg/cv_msg/msg/detail
[27.680s] -- Installing: /home/kmw/ros2_ws/src/install/cv_msg/include/cv_msg/cv_msg/msg/detail/msg_center__type_support.h
[27.680s] -- Installing: /home/kmw/ros2_ws/src/install/cv_msg/include/cv_msg/cv_msg/msg/detail/msg_servo__functions.c
[27.680s] -- Installing: /home/kmw/ros2_ws/src/install/cv_msg/include/cv_msg/cv_msg/msg/detail/msg_center__functions.c
[27.681s] -- Installing: /home/kmw/ros2_ws/src/install/cv_msg/include/cv_msg/cv_msg/msg/detail/msg_center__struct.h
[27.681s] -- Installing: /home/kmw/ros2_ws/src/install/cv_msg/include/cv_msg/cv_msg/msg/detail/msg_servo__struct.h
[27.681s] -- Installing: /home/kmw/ros2_ws/src/install/cv_msg/include/cv_msg/cv_msg/msg/detail/msg_servo__functions.h
[27.681s] -- Installing: /home/kmw/ros2_ws/src/install/cv_msg/include/cv_msg/cv_msg/msg/detail/msg_center__functions.h
[27.682s] -- Installing: /home/kmw/ros2_ws/src/install/cv_msg/include/cv_msg/cv_msg/msg/detail/msg_servo__type_support.h
[27.682s] -- Installing: /home/kmw/ros2_ws/src/install/cv_msg/include/cv_msg/cv_msg/msg/msg_center.h
[27.682s] -- Installing: /home/kmw/ros2_ws/src/install/cv_msg/include/cv_msg/cv_msg/msg/rosidl_generator_c__visibility_control.h
[27.683s] -- Installing: /home/kmw/ros2_ws/src/install/cv_msg/share/cv_msg/environment/library_path.sh
[27.683s] -- Installing: /home/kmw/ros2_ws/src/install/cv_msg/share/cv_msg/environment/library_path.dsv
[27.683s] -- Installing: /home/kmw/ros2_ws/src/install/cv_msg/lib/libcv_msg__rosidl_generator_c.so
[27.684s] -- Set runtime path of "/home/kmw/ros2_ws/src/install/cv_msg/lib/libcv_msg__rosidl_generator_c.so" to ""
[27.684s] -- Up-to-date: /home/kmw/ros2_ws/src/install/cv_msg/include/cv_msg/cv_msg
[27.685s] -- Up-to-date: /home/kmw/ros2_ws/src/install/cv_msg/include/cv_msg/cv_msg/srv
[27.685s] -- Up-to-date: /home/kmw/ros2_ws/src/install/cv_msg/include/cv_msg/cv_msg/srv/detail
[27.686s] -- Installing: /home/kmw/ros2_ws/src/install/cv_msg/include/cv_msg/cv_msg/srv/detail/srv_good__rosidl_typesupport_fastrtps_c.h
[27.686s] -- Installing: /home/kmw/ros2_ws/src/install/cv_msg/include/cv_msg/cv_msg/srv/detail/srv_motor__rosidl_typesupport_fastrtps_c.h
[27.686s] -- Installing: /home/kmw/ros2_ws/src/install/cv_msg/include/cv_msg/cv_msg/srv/detail/srv_arduino__rosidl_typesupport_fastrtps_c.h
[27.687s] -- Installing: /home/kmw/ros2_ws/src/install/cv_msg/include/cv_msg/cv_msg/srv/detail/srv_servo__rosidl_typesupport_fastrtps_c.h
[27.687s] -- Up-to-date: /home/kmw/ros2_ws/src/install/cv_msg/include/cv_msg/cv_msg/msg
[27.687s] -- Up-to-date: /home/kmw/ros2_ws/src/install/cv_msg/include/cv_msg/cv_msg/msg/detail
[27.688s] -- Installing: /home/kmw/ros2_ws/src/install/cv_msg/include/cv_msg/cv_msg/msg/detail/msg_servo__rosidl_typesupport_fastrtps_c.h
[27.688s] -- Installing: /home/kmw/ros2_ws/src/install/cv_msg/include/cv_msg/cv_msg/msg/detail/msg_center__rosidl_typesupport_fastrtps_c.h
[27.688s] -- Installing: /home/kmw/ros2_ws/src/install/cv_msg/include/cv_msg/cv_msg/msg/rosidl_typesupport_fastrtps_c__visibility_control.h
[27.689s] -- Installing: /home/kmw/ros2_ws/src/install/cv_msg/lib/libcv_msg__rosidl_typesupport_fastrtps_c.so
[27.689s] -- Set runtime path of "/home/kmw/ros2_ws/src/install/cv_msg/lib/libcv_msg__rosidl_typesupport_fastrtps_c.so" to ""
[27.690s] -- Up-to-date: /home/kmw/ros2_ws/src/install/cv_msg/include/cv_msg/cv_msg
[27.690s] -- Up-to-date: /home/kmw/ros2_ws/src/install/cv_msg/include/cv_msg/cv_msg/srv
[27.691s] -- Up-to-date: /home/kmw/ros2_ws/src/install/cv_msg/include/cv_msg/cv_msg/srv/detail
[27.691s] -- Installing: /home/kmw/ros2_ws/src/install/cv_msg/include/cv_msg/cv_msg/srv/detail/srv_arduino__rosidl_typesupport_introspection_c.h
[27.691s] -- Installing: /home/kmw/ros2_ws/src/install/cv_msg/include/cv_msg/cv_msg/srv/detail/srv_motor__rosidl_typesupport_introspection_c.h
[27.691s] -- Installing: /home/kmw/ros2_ws/src/install/cv_msg/include/cv_msg/cv_msg/srv/detail/srv_servo__type_support.c
[27.692s] -- Installing: /home/kmw/ros2_ws/src/install/cv_msg/include/cv_msg/cv_msg/srv/detail/srv_arduino__type_support.c
[27.692s] -- Installing: /home/kmw/ros2_ws/src/install/cv_msg/include/cv_msg/cv_msg/srv/detail/srv_servo__rosidl_typesupport_introspection_c.h
[27.692s] -- Installing: /home/kmw/ros2_ws/src/install/cv_msg/include/cv_msg/cv_msg/srv/detail/srv_good__rosidl_typesupport_introspection_c.h
[27.692s] -- Installing: /home/kmw/ros2_ws/src/install/cv_msg/include/cv_msg/cv_msg/srv/detail/srv_good__type_support.c
[27.693s] -- Installing: /home/kmw/ros2_ws/src/install/cv_msg/include/cv_msg/cv_msg/srv/detail/srv_motor__type_support.c
[27.693s] -- Up-to-date: /home/kmw/ros2_ws/src/install/cv_msg/include/cv_msg/cv_msg/msg
[27.693s] -- Up-to-date: /home/kmw/ros2_ws/src/install/cv_msg/include/cv_msg/cv_msg/msg/detail
[27.693s] -- Installing: /home/kmw/ros2_ws/src/install/cv_msg/include/cv_msg/cv_msg/msg/detail/msg_servo__type_support.c
[27.693s] -- Installing: /home/kmw/ros2_ws/src/install/cv_msg/include/cv_msg/cv_msg/msg/detail/msg_center__rosidl_typesupport_introspection_c.h
[27.694s] -- Installing: /home/kmw/ros2_ws/src/install/cv_msg/include/cv_msg/cv_msg/msg/detail/msg_servo__rosidl_typesupport_introspection_c.h
[27.694s] -- Installing: /home/kmw/ros2_ws/src/install/cv_msg/include/cv_msg/cv_msg/msg/detail/msg_center__type_support.c
[27.694s] -- Installing: /home/kmw/ros2_ws/src/install/cv_msg/include/cv_msg/cv_msg/msg/rosidl_typesupport_introspection_c__visibility_control.h
[27.695s] -- Installing: /home/kmw/ros2_ws/src/install/cv_msg/lib/libcv_msg__rosidl_typesupport_introspection_c.so
[27.695s] -- Set runtime path of "/home/kmw/ros2_ws/src/install/cv_msg/lib/libcv_msg__rosidl_typesupport_introspection_c.so" to ""
[27.696s] -- Installing: /home/kmw/ros2_ws/src/install/cv_msg/lib/libcv_msg__rosidl_typesupport_c.so
[27.696s] -- Set runtime path of "/home/kmw/ros2_ws/src/install/cv_msg/lib/libcv_msg__rosidl_typesupport_c.so" to ""
[27.696s] -- Up-to-date: /home/kmw/ros2_ws/src/install/cv_msg/include/cv_msg/cv_msg
[27.697s] -- Up-to-date: /home/kmw/ros2_ws/src/install/cv_msg/include/cv_msg/cv_msg/srv
[27.697s] -- Installing: /home/kmw/ros2_ws/src/install/cv_msg/include/cv_msg/cv_msg/srv/srv_servo.hpp
[27.697s] -- Up-to-date: /home/kmw/ros2_ws/src/install/cv_msg/include/cv_msg/cv_msg/srv/detail
[27.697s] -- Installing: /home/kmw/ros2_ws/src/install/cv_msg/include/cv_msg/cv_msg/srv/detail/srv_servo__traits.hpp
[27.698s] -- Installing: /home/kmw/ros2_ws/src/install/cv_msg/include/cv_msg/cv_msg/srv/detail/srv_arduino__struct.hpp
[27.698s] -- Installing: /home/kmw/ros2_ws/src/install/cv_msg/include/cv_msg/cv_msg/srv/detail/srv_motor__struct.hpp
[27.698s] -- Installing: /home/kmw/ros2_ws/src/install/cv_msg/include/cv_msg/cv_msg/srv/detail/srv_motor__builder.hpp
[27.699s] -- Installing: /home/kmw/ros2_ws/src/install/cv_msg/include/cv_msg/cv_msg/srv/detail/srv_servo__builder.hpp
[27.699s] -- Installing: /home/kmw/ros2_ws/src/install/cv_msg/include/cv_msg/cv_msg/srv/detail/srv_arduino__traits.hpp
[27.699s] -- Installing: /home/kmw/ros2_ws/src/install/cv_msg/include/cv_msg/cv_msg/srv/detail/srv_good__traits.hpp
[27.699s] -- Installing: /home/kmw/ros2_ws/src/install/cv_msg/include/cv_msg/cv_msg/srv/detail/srv_servo__struct.hpp
[27.700s] -- Installing: /home/kmw/ros2_ws/src/install/cv_msg/include/cv_msg/cv_msg/srv/detail/srv_good__builder.hpp
[27.700s] -- Installing: /home/kmw/ros2_ws/src/install/cv_msg/include/cv_msg/cv_msg/srv/detail/srv_good__struct.hpp
[27.700s] -- Installing: /home/kmw/ros2_ws/src/install/cv_msg/include/cv_msg/cv_msg/srv/detail/srv_arduino__builder.hpp
[27.700s] -- Installing: /home/kmw/ros2_ws/src/install/cv_msg/include/cv_msg/cv_msg/srv/detail/srv_motor__traits.hpp
[27.701s] -- Installing: /home/kmw/ros2_ws/src/install/cv_msg/include/cv_msg/cv_msg/srv/srv_arduino.hpp
[27.701s] -- Installing: /home/kmw/ros2_ws/src/install/cv_msg/include/cv_msg/cv_msg/srv/srv_good.hpp
[27.701s] -- Installing: /home/kmw/ros2_ws/src/install/cv_msg/include/cv_msg/cv_msg/srv/srv_motor.hpp
[27.702s] -- Up-to-date: /home/kmw/ros2_ws/src/install/cv_msg/include/cv_msg/cv_msg/msg
[27.702s] -- Installing: /home/kmw/ros2_ws/src/install/cv_msg/include/cv_msg/cv_msg/msg/msg_center.hpp
[27.703s] -- Up-to-date: /home/kmw/ros2_ws/src/install/cv_msg/include/cv_msg/cv_msg/msg/detail
[27.703s] -- Installing: /home/kmw/ros2_ws/src/install/cv_msg/include/cv_msg/cv_msg/msg/detail/msg_servo__traits.hpp
[27.703s] -- Installing: /home/kmw/ros2_ws/src/install/cv_msg/include/cv_msg/cv_msg/msg/detail/msg_servo__struct.hpp
[27.704s] -- Installing: /home/kmw/ros2_ws/src/install/cv_msg/include/cv_msg/cv_msg/msg/detail/msg_center__builder.hpp
[27.704s] -- Installing: /home/kmw/ros2_ws/src/install/cv_msg/include/cv_msg/cv_msg/msg/detail/msg_center__traits.hpp
[27.704s] -- Installing: /home/kmw/ros2_ws/src/install/cv_msg/include/cv_msg/cv_msg/msg/detail/msg_center__struct.hpp
[27.705s] -- Installing: /home/kmw/ros2_ws/src/install/cv_msg/include/cv_msg/cv_msg/msg/detail/msg_servo__builder.hpp
[27.705s] -- Installing: /home/kmw/ros2_ws/src/install/cv_msg/include/cv_msg/cv_msg/msg/msg_servo.hpp
[27.705s] -- Up-to-date: /home/kmw/ros2_ws/src/install/cv_msg/include/cv_msg/cv_msg
[27.705s] -- Up-to-date: /home/kmw/ros2_ws/src/install/cv_msg/include/cv_msg/cv_msg/srv
[27.706s] -- Up-to-date: /home/kmw/ros2_ws/src/install/cv_msg/include/cv_msg/cv_msg/srv/detail
[27.706s] -- Installing: /home/kmw/ros2_ws/src/install/cv_msg/include/cv_msg/cv_msg/srv/detail/srv_good__rosidl_typesupport_fastrtps_cpp.hpp
[27.706s] -- Installing: /home/kmw/ros2_ws/src/install/cv_msg/include/cv_msg/cv_msg/srv/detail/srv_servo__rosidl_typesupport_fastrtps_cpp.hpp
[27.706s] -- Installing: /home/kmw/ros2_ws/src/install/cv_msg/include/cv_msg/cv_msg/srv/detail/dds_fastrtps
[27.706s] -- Installing: /home/kmw/ros2_ws/src/install/cv_msg/include/cv_msg/cv_msg/srv/detail/srv_arduino__rosidl_typesupport_fastrtps_cpp.hpp
[27.706s] -- Installing: /home/kmw/ros2_ws/src/install/cv_msg/include/cv_msg/cv_msg/srv/detail/srv_motor__rosidl_typesupport_fastrtps_cpp.hpp
[27.707s] -- Up-to-date: /home/kmw/ros2_ws/src/install/cv_msg/include/cv_msg/cv_msg/msg
[27.707s] -- Up-to-date: /home/kmw/ros2_ws/src/install/cv_msg/include/cv_msg/cv_msg/msg/detail
[27.708s] -- Installing: /home/kmw/ros2_ws/src/install/cv_msg/include/cv_msg/cv_msg/msg/detail/msg_center__rosidl_typesupport_fastrtps_cpp.hpp
[27.708s] -- Installing: /home/kmw/ros2_ws/src/install/cv_msg/include/cv_msg/cv_msg/msg/detail/msg_servo__rosidl_typesupport_fastrtps_cpp.hpp
[27.708s] -- Installing: /home/kmw/ros2_ws/src/install/cv_msg/include/cv_msg/cv_msg/msg/detail/dds_fastrtps
[27.709s] -- Installing: /home/kmw/ros2_ws/src/install/cv_msg/include/cv_msg/cv_msg/msg/rosidl_typesupport_fastrtps_cpp__visibility_control.h
[27.709s] -- Installing: /home/kmw/ros2_ws/src/install/cv_msg/lib/libcv_msg__rosidl_typesupport_fastrtps_cpp.so
[27.709s] -- Set runtime path of "/home/kmw/ros2_ws/src/install/cv_msg/lib/libcv_msg__rosidl_typesupport_fastrtps_cpp.so" to ""
[27.710s] -- Up-to-date: /home/kmw/ros2_ws/src/install/cv_msg/include/cv_msg/cv_msg
[27.710s] -- Up-to-date: /home/kmw/ros2_ws/src/install/cv_msg/include/cv_msg/cv_msg/srv
[27.710s] -- Up-to-date: /home/kmw/ros2_ws/src/install/cv_msg/include/cv_msg/cv_msg/srv/detail
[27.710s] -- Installing: /home/kmw/ros2_ws/src/install/cv_msg/include/cv_msg/cv_msg/srv/detail/srv_motor__type_support.cpp
[27.710s] -- Installing: /home/kmw/ros2_ws/src/install/cv_msg/include/cv_msg/cv_msg/srv/detail/srv_good__rosidl_typesupport_introspection_cpp.hpp
[27.710s] -- Installing: /home/kmw/ros2_ws/src/install/cv_msg/include/cv_msg/cv_msg/srv/detail/srv_servo__rosidl_typesupport_introspection_cpp.hpp
[27.711s] -- Installing: /home/kmw/ros2_ws/src/install/cv_msg/include/cv_msg/cv_msg/srv/detail/srv_motor__rosidl_typesupport_introspection_cpp.hpp
[27.711s] -- Installing: /home/kmw/ros2_ws/src/install/cv_msg/include/cv_msg/cv_msg/srv/detail/srv_good__type_support.cpp
[27.711s] -- Installing: /home/kmw/ros2_ws/src/install/cv_msg/include/cv_msg/cv_msg/srv/detail/srv_servo__type_support.cpp
[27.711s] -- Installing: /home/kmw/ros2_ws/src/install/cv_msg/include/cv_msg/cv_msg/srv/detail/srv_arduino__rosidl_typesupport_introspection_cpp.hpp
[27.711s] -- Installing: /home/kmw/ros2_ws/src/install/cv_msg/include/cv_msg/cv_msg/srv/detail/srv_arduino__type_support.cpp
[27.712s] -- Up-to-date: /home/kmw/ros2_ws/src/install/cv_msg/include/cv_msg/cv_msg/msg
[27.712s] -- Up-to-date: /home/kmw/ros2_ws/src/install/cv_msg/include/cv_msg/cv_msg/msg/detail
[27.712s] -- Installing: /home/kmw/ros2_ws/src/install/cv_msg/include/cv_msg/cv_msg/msg/detail/msg_center__type_support.cpp
[27.712s] -- Installing: /home/kmw/ros2_ws/src/install/cv_msg/include/cv_msg/cv_msg/msg/detail/msg_servo__type_support.cpp
[27.712s] -- Installing: /home/kmw/ros2_ws/src/install/cv_msg/include/cv_msg/cv_msg/msg/detail/msg_servo__rosidl_typesupport_introspection_cpp.hpp
[27.713s] -- Installing: /home/kmw/ros2_ws/src/install/cv_msg/include/cv_msg/cv_msg/msg/detail/msg_center__rosidl_typesupport_introspection_cpp.hpp
[27.713s] -- Installing: /home/kmw/ros2_ws/src/install/cv_msg/lib/libcv_msg__rosidl_typesupport_introspection_cpp.so
[27.713s] -- Set runtime path of "/home/kmw/ros2_ws/src/install/cv_msg/lib/libcv_msg__rosidl_typesupport_introspection_cpp.so" to ""
[27.714s] -- Installing: /home/kmw/ros2_ws/src/install/cv_msg/lib/libcv_msg__rosidl_typesupport_cpp.so
[27.714s] -- Set runtime path of "/home/kmw/ros2_ws/src/install/cv_msg/lib/libcv_msg__rosidl_typesupport_cpp.so" to ""
[27.715s] -- Installing: /home/kmw/ros2_ws/src/install/cv_msg/share/cv_msg/environment/pythonpath.sh
[27.715s] -- Installing: /home/kmw/ros2_ws/src/install/cv_msg/share/cv_msg/environment/pythonpath.dsv
[27.716s] -- Installing: /home/kmw/ros2_ws/src/install/cv_msg/lib/python3.10/site-packages/cv_msg-0.0.0-py3.10.egg-info
[27.716s] -- Installing: /home/kmw/ros2_ws/src/install/cv_msg/lib/python3.10/site-packages/cv_msg-0.0.0-py3.10.egg-info/SOURCES.txt
[27.716s] -- Installing: /home/kmw/ros2_ws/src/install/cv_msg/lib/python3.10/site-packages/cv_msg-0.0.0-py3.10.egg-info/PKG-INFO
[27.717s] -- Installing: /home/kmw/ros2_ws/src/install/cv_msg/lib/python3.10/site-packages/cv_msg-0.0.0-py3.10.egg-info/top_level.txt
[27.717s] -- Installing: /home/kmw/ros2_ws/src/install/cv_msg/lib/python3.10/site-packages/cv_msg-0.0.0-py3.10.egg-info/dependency_links.txt
[27.717s] -- Installing: /home/kmw/ros2_ws/src/install/cv_msg/lib/python3.10/site-packages/cv_msg
[27.718s] -- Installing: /home/kmw/ros2_ws/src/install/cv_msg/lib/python3.10/site-packages/cv_msg/cv_msg_s__rosidl_typesupport_introspection_c.cpython-310-x86_64-linux-gnu.so
[27.718s] -- Installing: /home/kmw/ros2_ws/src/install/cv_msg/lib/python3.10/site-packages/cv_msg/libcv_msg__rosidl_generator_py.so
[27.718s] -- Installing: /home/kmw/ros2_ws/src/install/cv_msg/lib/python3.10/site-packages/cv_msg/cv_msg_s__rosidl_typesupport_fastrtps_c.cpython-310-x86_64-linux-gnu.so
[27.719s] -- Installing: /home/kmw/ros2_ws/src/install/cv_msg/lib/python3.10/site-packages/cv_msg/srv
[27.719s] -- Installing: /home/kmw/ros2_ws/src/install/cv_msg/lib/python3.10/site-packages/cv_msg/srv/_srv_good_s.c
[27.720s] -- Installing: /home/kmw/ros2_ws/src/install/cv_msg/lib/python3.10/site-packages/cv_msg/srv/_srv_arduino.py
[27.721s] -- Installing: /home/kmw/ros2_ws/src/install/cv_msg/lib/python3.10/site-packages/cv_msg/srv/_srv_motor.py
[27.721s] -- Installing: /home/kmw/ros2_ws/src/install/cv_msg/lib/python3.10/site-packages/cv_msg/srv/_srv_arduino_s.c
[27.721s] -- Installing: /home/kmw/ros2_ws/src/install/cv_msg/lib/python3.10/site-packages/cv_msg/srv/_srv_motor_s.c
[27.722s] -- Installing: /home/kmw/ros2_ws/src/install/cv_msg/lib/python3.10/site-packages/cv_msg/srv/_srv_good.py
[27.722s] -- Installing: /home/kmw/ros2_ws/src/install/cv_msg/lib/python3.10/site-packages/cv_msg/srv/_srv_servo.py
[27.723s] -- Installing: /home/kmw/ros2_ws/src/install/cv_msg/lib/python3.10/site-packages/cv_msg/srv/__init__.py
[27.724s] -- Installing: /home/kmw/ros2_ws/src/install/cv_msg/lib/python3.10/site-packages/cv_msg/srv/_srv_servo_s.c
[27.724s] -- Installing: /home/kmw/ros2_ws/src/install/cv_msg/lib/python3.10/site-packages/cv_msg/cv_msg_s__rosidl_typesupport_c.cpython-310-x86_64-linux-gnu.so
[27.724s] -- Installing: /home/kmw/ros2_ws/src/install/cv_msg/lib/python3.10/site-packages/cv_msg/__init__.py
[27.725s] -- Installing: /home/kmw/ros2_ws/src/install/cv_msg/lib/python3.10/site-packages/cv_msg/_cv_msg_s.ep.rosidl_typesupport_fastrtps_c.c
[27.725s] -- Installing: /home/kmw/ros2_ws/src/install/cv_msg/lib/python3.10/site-packages/cv_msg/_cv_msg_s.ep.rosidl_typesupport_introspection_c.c
[27.726s] -- Installing: /home/kmw/ros2_ws/src/install/cv_msg/lib/python3.10/site-packages/cv_msg/msg
[27.726s] -- Installing: /home/kmw/ros2_ws/src/install/cv_msg/lib/python3.10/site-packages/cv_msg/msg/_msg_center_s.c
[27.726s] -- Installing: /home/kmw/ros2_ws/src/install/cv_msg/lib/python3.10/site-packages/cv_msg/msg/_msg_servo.py
[27.727s] -- Installing: /home/kmw/ros2_ws/src/install/cv_msg/lib/python3.10/site-packages/cv_msg/msg/_msg_center.py
[27.727s] -- Installing: /home/kmw/ros2_ws/src/install/cv_msg/lib/python3.10/site-packages/cv_msg/msg/_msg_servo_s.c
[27.727s] -- Installing: /home/kmw/ros2_ws/src/install/cv_msg/lib/python3.10/site-packages/cv_msg/msg/__init__.py
[27.728s] -- Installing: /home/kmw/ros2_ws/src/install/cv_msg/lib/python3.10/site-packages/cv_msg/_cv_msg_s.ep.rosidl_typesupport_c.c
[27.890s] Listing '/home/kmw/ros2_ws/src/install/cv_msg/lib/python3.10/site-packages/cv_msg'...
[27.890s] Compiling '/home/kmw/ros2_ws/src/install/cv_msg/lib/python3.10/site-packages/cv_msg/__init__.py'...
[27.891s] Listing '/home/kmw/ros2_ws/src/install/cv_msg/lib/python3.10/site-packages/cv_msg/msg'...
[27.891s] Compiling '/home/kmw/ros2_ws/src/install/cv_msg/lib/python3.10/site-packages/cv_msg/msg/__init__.py'...
[27.892s] Compiling '/home/kmw/ros2_ws/src/install/cv_msg/lib/python3.10/site-packages/cv_msg/msg/_msg_center.py'...
[27.892s] Compiling '/home/kmw/ros2_ws/src/install/cv_msg/lib/python3.10/site-packages/cv_msg/msg/_msg_servo.py'...
[27.893s] Listing '/home/kmw/ros2_ws/src/install/cv_msg/lib/python3.10/site-packages/cv_msg/srv'...
[27.893s] Compiling '/home/kmw/ros2_ws/src/install/cv_msg/lib/python3.10/site-packages/cv_msg/srv/__init__.py'...
[27.893s] Compiling '/home/kmw/ros2_ws/src/install/cv_msg/lib/python3.10/site-packages/cv_msg/srv/_srv_arduino.py'...
[27.894s] Compiling '/home/kmw/ros2_ws/src/install/cv_msg/lib/python3.10/site-packages/cv_msg/srv/_srv_good.py'...
[27.894s] Compiling '/home/kmw/ros2_ws/src/install/cv_msg/lib/python3.10/site-packages/cv_msg/srv/_srv_motor.py'...
[27.894s] Compiling '/home/kmw/ros2_ws/src/install/cv_msg/lib/python3.10/site-packages/cv_msg/srv/_srv_servo.py'...
[27.908s] -- Installing: /home/kmw/ros2_ws/src/install/cv_msg/lib/python3.10/site-packages/cv_msg/cv_msg_s__rosidl_typesupport_fastrtps_c.cpython-310-x86_64-linux-gnu.so
[27.909s] -- Set runtime path of "/home/kmw/ros2_ws/src/install/cv_msg/lib/python3.10/site-packages/cv_msg/cv_msg_s__rosidl_typesupport_fastrtps_c.cpython-310-x86_64-linux-gnu.so" to ""
[27.910s] -- Installing: /home/kmw/ros2_ws/src/install/cv_msg/lib/python3.10/site-packages/cv_msg/cv_msg_s__rosidl_typesupport_introspection_c.cpython-310-x86_64-linux-gnu.so
[27.911s] -- Set runtime path of "/home/kmw/ros2_ws/src/install/cv_msg/lib/python3.10/site-packages/cv_msg/cv_msg_s__rosidl_typesupport_introspection_c.cpython-310-x86_64-linux-gnu.so" to ""
[27.912s] -- Installing: /home/kmw/ros2_ws/src/install/cv_msg/lib/python3.10/site-packages/cv_msg/cv_msg_s__rosidl_typesupport_c.cpython-310-x86_64-linux-gnu.so
[27.914s] -- Set runtime path of "/home/kmw/ros2_ws/src/install/cv_msg/lib/python3.10/site-packages/cv_msg/cv_msg_s__rosidl_typesupport_c.cpython-310-x86_64-linux-gnu.so" to ""
[27.914s] -- Installing: /home/kmw/ros2_ws/src/install/cv_msg/lib/libcv_msg__rosidl_generator_py.so
[27.916s] -- Set runtime path of "/home/kmw/ros2_ws/src/install/cv_msg/lib/libcv_msg__rosidl_generator_py.so" to ""
[27.916s] -- Installing: /home/kmw/ros2_ws/src/install/cv_msg/share/cv_msg/msg/MsgServo.idl
[27.917s] -- Installing: /home/kmw/ros2_ws/src/install/cv_msg/share/cv_msg/msg/MsgCenter.idl
[27.917s] -- Installing: /home/kmw/ros2_ws/src/install/cv_msg/share/cv_msg/srv/SrvGood.idl
[27.918s] -- Installing: /home/kmw/ros2_ws/src/install/cv_msg/share/cv_msg/srv/SrvArduino.idl
[27.918s] -- Installing: /home/kmw/ros2_ws/src/install/cv_msg/share/cv_msg/srv/SrvMotor.idl
[27.919s] -- Installing: /home/kmw/ros2_ws/src/install/cv_msg/share/cv_msg/srv/SrvServo.idl
[27.919s] -- Installing: /home/kmw/ros2_ws/src/install/cv_msg/share/cv_msg/msg/MsgServo.msg
[27.920s] -- Installing: /home/kmw/ros2_ws/src/install/cv_msg/share/cv_msg/msg/MsgCenter.msg
[27.920s] -- Installing: /home/kmw/ros2_ws/src/install/cv_msg/share/cv_msg/srv/SrvGood.srv
[27.921s] -- Installing: /home/kmw/ros2_ws/src/install/cv_msg/share/cv_msg/srv/SrvGood_Request.msg
[27.921s] -- Installing: /home/kmw/ros2_ws/src/install/cv_msg/share/cv_msg/srv/SrvGood_Response.msg
[27.922s] -- Installing: /home/kmw/ros2_ws/src/install/cv_msg/share/cv_msg/srv/SrvArduino.srv
[27.922s] -- Installing: /home/kmw/ros2_ws/src/install/cv_msg/share/cv_msg/srv/SrvArduino_Request.msg
[27.923s] -- Installing: /home/kmw/ros2_ws/src/install/cv_msg/share/cv_msg/srv/SrvArduino_Response.msg
[27.923s] -- Installing: /home/kmw/ros2_ws/src/install/cv_msg/share/cv_msg/srv/SrvMotor.srv
[27.924s] -- Installing: /home/kmw/ros2_ws/src/install/cv_msg/share/cv_msg/srv/SrvMotor_Request.msg
[27.924s] -- Installing: /home/kmw/ros2_ws/src/install/cv_msg/share/cv_msg/srv/SrvMotor_Response.msg
[27.924s] -- Installing: /home/kmw/ros2_ws/src/install/cv_msg/share/cv_msg/srv/SrvServo.srv
[27.925s] -- Installing: /home/kmw/ros2_ws/src/install/cv_msg/share/cv_msg/srv/SrvServo_Request.msg
[27.925s] -- Installing: /home/kmw/ros2_ws/src/install/cv_msg/share/cv_msg/srv/SrvServo_Response.msg
[27.926s] -- Installing: /home/kmw/ros2_ws/src/install/cv_msg/share/ament_index/resource_index/package_run_dependencies/cv_msg
[27.926s] -- Installing: /home/kmw/ros2_ws/src/install/cv_msg/share/ament_index/resource_index/parent_prefix_path/cv_msg
[27.927s] -- Installing: /home/kmw/ros2_ws/src/install/cv_msg/share/cv_msg/environment/ament_prefix_path.sh
[27.927s] -- Installing: /home/kmw/ros2_ws/src/install/cv_msg/share/cv_msg/environment/ament_prefix_path.dsv
[27.927s] -- Installing: /home/kmw/ros2_ws/src/install/cv_msg/share/cv_msg/environment/path.sh
[27.928s] -- Installing: /home/kmw/ros2_ws/src/install/cv_msg/share/cv_msg/environment/path.dsv
[27.928s] -- Installing: /home/kmw/ros2_ws/src/install/cv_msg/share/cv_msg/local_setup.bash
[27.928s] -- Installing: /home/kmw/ros2_ws/src/install/cv_msg/share/cv_msg/local_setup.sh
[27.929s] -- Installing: /home/kmw/ros2_ws/src/install/cv_msg/share/cv_msg/local_setup.zsh
[27.929s] -- Installing: /home/kmw/ros2_ws/src/install/cv_msg/share/cv_msg/local_setup.dsv
[27.929s] -- Installing: /home/kmw/ros2_ws/src/install/cv_msg/share/cv_msg/package.dsv
[27.930s] -- Installing: /home/kmw/ros2_ws/src/install/cv_msg/share/ament_index/resource_index/packages/cv_msg
[27.931s] -- Installing: /home/kmw/ros2_ws/src/install/cv_msg/share/cv_msg/cmake/export_cv_msg__rosidl_generator_cExport.cmake
[27.931s] -- Installing: /home/kmw/ros2_ws/src/install/cv_msg/share/cv_msg/cmake/export_cv_msg__rosidl_generator_cExport-noconfig.cmake
[27.932s] -- Installing: /home/kmw/ros2_ws/src/install/cv_msg/share/cv_msg/cmake/export_cv_msg__rosidl_typesupport_fastrtps_cExport.cmake
[27.932s] -- Installing: /home/kmw/ros2_ws/src/install/cv_msg/share/cv_msg/cmake/export_cv_msg__rosidl_typesupport_fastrtps_cExport-noconfig.cmake
[27.932s] -- Installing: /home/kmw/ros2_ws/src/install/cv_msg/share/cv_msg/cmake/cv_msg__rosidl_typesupport_introspection_cExport.cmake
[27.933s] -- Installing: /home/kmw/ros2_ws/src/install/cv_msg/share/cv_msg/cmake/cv_msg__rosidl_typesupport_introspection_cExport-noconfig.cmake
[27.933s] -- Installing: /home/kmw/ros2_ws/src/install/cv_msg/share/cv_msg/cmake/cv_msg__rosidl_typesupport_cExport.cmake
[27.933s] -- Installing: /home/kmw/ros2_ws/src/install/cv_msg/share/cv_msg/cmake/cv_msg__rosidl_typesupport_cExport-noconfig.cmake
[27.934s] -- Installing: /home/kmw/ros2_ws/src/install/cv_msg/share/cv_msg/cmake/export_cv_msg__rosidl_generator_cppExport.cmake
[27.934s] -- Installing: /home/kmw/ros2_ws/src/install/cv_msg/share/cv_msg/cmake/export_cv_msg__rosidl_typesupport_fastrtps_cppExport.cmake
[27.935s] -- Installing: /home/kmw/ros2_ws/src/install/cv_msg/share/cv_msg/cmake/export_cv_msg__rosidl_typesupport_fastrtps_cppExport-noconfig.cmake
[27.935s] -- Installing: /home/kmw/ros2_ws/src/install/cv_msg/share/cv_msg/cmake/cv_msg__rosidl_typesupport_introspection_cppExport.cmake
[27.936s] -- Installing: /home/kmw/ros2_ws/src/install/cv_msg/share/cv_msg/cmake/cv_msg__rosidl_typesupport_introspection_cppExport-noconfig.cmake
[27.936s] -- Installing: /home/kmw/ros2_ws/src/install/cv_msg/share/cv_msg/cmake/cv_msg__rosidl_typesupport_cppExport.cmake
[27.937s] -- Installing: /home/kmw/ros2_ws/src/install/cv_msg/share/cv_msg/cmake/cv_msg__rosidl_typesupport_cppExport-noconfig.cmake
[27.937s] -- Installing: /home/kmw/ros2_ws/src/install/cv_msg/share/cv_msg/cmake/export_cv_msg__rosidl_generator_pyExport.cmake
[27.938s] -- Installing: /home/kmw/ros2_ws/src/install/cv_msg/share/cv_msg/cmake/export_cv_msg__rosidl_generator_pyExport-noconfig.cmake
[27.938s] -- Installing: /home/kmw/ros2_ws/src/install/cv_msg/share/cv_msg/cmake/rosidl_cmake-extras.cmake
[27.938s] -- Installing: /home/kmw/ros2_ws/src/install/cv_msg/share/cv_msg/cmake/ament_cmake_export_include_directories-extras.cmake
[27.939s] -- Installing: /home/kmw/ros2_ws/src/install/cv_msg/share/cv_msg/cmake/ament_cmake_export_libraries-extras.cmake
[27.939s] -- Installing: /home/kmw/ros2_ws/src/install/cv_msg/share/cv_msg/cmake/ament_cmake_export_targets-extras.cmake
[27.940s] -- Installing: /home/kmw/ros2_ws/src/install/cv_msg/share/cv_msg/cmake/rosidl_cmake_export_typesupport_targets-extras.cmake
[27.940s] -- Installing: /home/kmw/ros2_ws/src/install/cv_msg/share/cv_msg/cmake/ament_cmake_export_dependencies-extras.cmake
[27.940s] -- Installing: /home/kmw/ros2_ws/src/install/cv_msg/share/cv_msg/cmake/rosidl_cmake_export_typesupport_libraries-extras.cmake
[27.940s] -- Installing: /home/kmw/ros2_ws/src/install/cv_msg/share/cv_msg/cmake/cv_msgConfig.cmake
[27.941s] -- Installing: /home/kmw/ros2_ws/src/install/cv_msg/share/cv_msg/cmake/cv_msgConfig-version.cmake
[27.941s] -- Installing: /home/kmw/ros2_ws/src/install/cv_msg/share/cv_msg/package.xml
[27.946s] Invoked command in '/home/kmw/ros2_ws/src/build/cv_msg' returned '0': CMAKE_PREFIX_PATH=${CMAKE_PREFIX_PATH}:/home/kmw/ros2_ws/install/ros_servo:/home/kmw/ros2_ws/install/ros_ardu_motor:/home/kmw/ros2_ws/install/ros_ardu:/home/kmw/ros2_ws/install/ros_good:/home/kmw/ros2_ws/install/cv_center:/home/kmw/ros2_ws/install/ros_cv:/home/kmw/ros2_ws/install/ros_msg:/home/kmw/ros2_ws/install/py_srv:/opt/ros/humble CONDA_PROMPT_MODIFIER=(ros2_py310) /usr/bin/cmake --install /home/kmw/ros2_ws/src/build/cv_msg
