[8.454s] Invoking command in '/home/kmw/ros2_ws/src/ros_ardu_motor': CONDA_PROMPT_MODIFIER=(ros2_py310) PYTHONPATH=/home/kmw/ros2_ws/src/build/ros_ardu_motor/prefix_override:/home/kmw/miniconda3/lib/python3.12/site-packages/colcon_core/task/python/colcon_distutils_commands:/home/kmw/ros2_ws/src/install/ros_ardu_motor/lib/python3.10/site-packages:${PYTHONPATH} /usr/bin/python3 -W ignore:setup.py install is deprecated setup.py egg_info --egg-base ../build/ros_ardu_motor build --build-base /home/kmw/ros2_ws/src/build/ros_ardu_motor/build install --record /home/kmw/ros2_ws/src/build/ros_ardu_motor/install.log --single-version-externally-managed install_data
[10.620s] running egg_info
[10.620s] creating ../build/ros_ardu_motor/ros_ardu_motor.egg-info
[10.621s] writing ../build/ros_ardu_motor/ros_ardu_motor.egg-info/PKG-INFO
[10.621s] writing dependency_links to ../build/ros_ardu_motor/ros_ardu_motor.egg-info/dependency_links.txt
[10.622s] writing entry points to ../build/ros_ardu_motor/ros_ardu_motor.egg-info/entry_points.txt
[10.622s] writing requirements to ../build/ros_ardu_motor/ros_ardu_motor.egg-info/requires.txt
[10.622s] writing top-level names to ../build/ros_ardu_motor/ros_ardu_motor.egg-info/top_level.txt
[10.630s] writing manifest file '../build/ros_ardu_motor/ros_ardu_motor.egg-info/SOURCES.txt'
[10.630s] reading manifest file '../build/ros_ardu_motor/ros_ardu_motor.egg-info/SOURCES.txt'
[10.631s] writing manifest file '../build/ros_ardu_motor/ros_ardu_motor.egg-info/SOURCES.txt'
[10.631s] running build
[10.631s] running build_py
[10.632s] creating /home/kmw/ros2_ws/src/build/ros_ardu_motor/build/lib/ros_ardu_motor
[10.632s] copying ros_ardu_motor/motor_cli.py -> /home/kmw/ros2_ws/src/build/ros_ardu_motor/build/lib/ros_ardu_motor
[10.633s] copying ros_ardu_motor/__init__.py -> /home/kmw/ros2_ws/src/build/ros_ardu_motor/build/lib/ros_ardu_motor
[10.633s] copying ros_ardu_motor/motor_ser.py -> /home/kmw/ros2_ws/src/build/ros_ardu_motor/build/lib/ros_ardu_motor
[10.666s] running install
[10.667s] running install_lib
[10.667s] creating /home/kmw/ros2_ws/src/install/ros_ardu_motor/lib/python3.10/site-packages/ros_ardu_motor
[10.667s] copying /home/kmw/ros2_ws/src/build/ros_ardu_motor/build/lib/ros_ardu_motor/motor_cli.py -> /home/kmw/ros2_ws/src/install/ros_ardu_motor/lib/python3.10/site-packages/ros_ardu_motor
[10.668s] copying /home/kmw/ros2_ws/src/build/ros_ardu_motor/build/lib/ros_ardu_motor/__init__.py -> /home/kmw/ros2_ws/src/install/ros_ardu_motor/lib/python3.10/site-packages/ros_ardu_motor
[10.668s] copying /home/kmw/ros2_ws/src/build/ros_ardu_motor/build/lib/ros_ardu_motor/motor_ser.py -> /home/kmw/ros2_ws/src/install/ros_ardu_motor/lib/python3.10/site-packages/ros_ardu_motor
[10.668s] byte-compiling /home/kmw/ros2_ws/src/install/ros_ardu_motor/lib/python3.10/site-packages/ros_ardu_motor/motor_cli.py to motor_cli.cpython-310.pyc
[10.669s] byte-compiling /home/kmw/ros2_ws/src/install/ros_ardu_motor/lib/python3.10/site-packages/ros_ardu_motor/__init__.py to __init__.cpython-310.pyc
[10.669s] byte-compiling /home/kmw/ros2_ws/src/install/ros_ardu_motor/lib/python3.10/site-packages/ros_ardu_motor/motor_ser.py to motor_ser.cpython-310.pyc
[10.669s] running install_data
[10.670s] creating /home/kmw/ros2_ws/src/install/ros_ardu_motor/share/ament_index/resource_index/packages
[10.670s] copying resource/ros_ardu_motor -> /home/kmw/ros2_ws/src/install/ros_ardu_motor/share/ament_index/resource_index/packages
[10.670s] copying package.xml -> /home/kmw/ros2_ws/src/install/ros_ardu_motor/share/ros_ardu_motor
[10.671s] running install_egg_info
[10.671s] Copying ../build/ros_ardu_motor/ros_ardu_motor.egg-info to /home/kmw/ros2_ws/src/install/ros_ardu_motor/lib/python3.10/site-packages/ros_ardu_motor-0.0.0-py3.10.egg-info
[10.671s] running install_scripts
[11.172s] Installing motor_cli script to /home/kmw/ros2_ws/src/install/ros_ardu_motor/lib/ros_ardu_motor
[11.174s] Installing motor_ser script to /home/kmw/ros2_ws/src/install/ros_ardu_motor/lib/ros_ardu_motor
[11.192s] writing list of installed files to '/home/kmw/ros2_ws/src/build/ros_ardu_motor/install.log'
[12.305s] Invoked command in '/home/kmw/ros2_ws/src/ros_ardu_motor' returned '0': CONDA_PROMPT_MODIFIER=(ros2_py310) PYTHONPATH=/home/kmw/ros2_ws/src/build/ros_ardu_motor/prefix_override:/home/kmw/miniconda3/lib/python3.12/site-packages/colcon_core/task/python/colcon_distutils_commands:/home/kmw/ros2_ws/src/install/ros_ardu_motor/lib/python3.10/site-packages:${PYTHONPATH} /usr/bin/python3 -W ignore:setup.py install is deprecated setup.py egg_info --egg-base ../build/ros_ardu_motor build --build-base /home/kmw/ros2_ws/src/build/ros_ardu_motor/build install --record /home/kmw/ros2_ws/src/build/ros_ardu_motor/install.log --single-version-externally-managed install_data
