[8.541s] Invoking command in '/home/kmw/ros2_ws/src/cv_center': CONDA_PROMPT_MODIFIER=(ros2_py310) PYTHONPATH=/home/kmw/ros2_ws/src/build/cv_center/prefix_override:/home/kmw/miniconda3/lib/python3.12/site-packages/colcon_core/task/python/colcon_distutils_commands:/home/kmw/ros2_ws/src/install/cv_center/lib/python3.10/site-packages:${PYTHONPATH} /usr/bin/python3 -W ignore:setup.py install is deprecated setup.py egg_info --egg-base ../build/cv_center build --build-base /home/kmw/ros2_ws/src/build/cv_center/build install --record /home/kmw/ros2_ws/src/build/cv_center/install.log --single-version-externally-managed install_data
[12.304s] running egg_info
[12.311s] creating ../build/cv_center/cv_center.egg-info
[12.312s] writing ../build/cv_center/cv_center.egg-info/PKG-INFO
[12.312s] writing dependency_links to ../build/cv_center/cv_center.egg-info/dependency_links.txt
[12.313s] writing entry points to ../build/cv_center/cv_center.egg-info/entry_points.txt
[12.313s] writing requirements to ../build/cv_center/cv_center.egg-info/requires.txt
[12.313s] writing top-level names to ../build/cv_center/cv_center.egg-info/top_level.txt
[12.314s] writing manifest file '../build/cv_center/cv_center.egg-info/SOURCES.txt'
[12.314s] reading manifest file '../build/cv_center/cv_center.egg-info/SOURCES.txt'
[12.315s] writing manifest file '../build/cv_center/cv_center.egg-info/SOURCES.txt'
[12.315s] running build
[12.315s] running build_py
[12.316s] creating /home/kmw/ros2_ws/src/build/cv_center/build/lib/cv_center
[12.316s] copying cv_center/center_sub.py -> /home/kmw/ros2_ws/src/build/cv_center/build/lib/cv_center
[12.316s] copying cv_center/__init__.py -> /home/kmw/ros2_ws/src/build/cv_center/build/lib/cv_center
[12.317s] copying cv_center/center_pub.py -> /home/kmw/ros2_ws/src/build/cv_center/build/lib/cv_center
[12.317s] running install
[12.318s] running install_lib
[12.318s] creating /home/kmw/ros2_ws/src/install/cv_center/lib/python3.10/site-packages/cv_center
[12.318s] copying /home/kmw/ros2_ws/src/build/cv_center/build/lib/cv_center/center_sub.py -> /home/kmw/ros2_ws/src/install/cv_center/lib/python3.10/site-packages/cv_center
[12.319s] copying /home/kmw/ros2_ws/src/build/cv_center/build/lib/cv_center/__init__.py -> /home/kmw/ros2_ws/src/install/cv_center/lib/python3.10/site-packages/cv_center
[12.319s] copying /home/kmw/ros2_ws/src/build/cv_center/build/lib/cv_center/center_pub.py -> /home/kmw/ros2_ws/src/install/cv_center/lib/python3.10/site-packages/cv_center
[12.319s] byte-compiling /home/kmw/ros2_ws/src/install/cv_center/lib/python3.10/site-packages/cv_center/center_sub.py to center_sub.cpython-310.pyc
[12.320s] byte-compiling /home/kmw/ros2_ws/src/install/cv_center/lib/python3.10/site-packages/cv_center/__init__.py to __init__.cpython-310.pyc
[12.320s] byte-compiling /home/kmw/ros2_ws/src/install/cv_center/lib/python3.10/site-packages/cv_center/center_pub.py to center_pub.cpython-310.pyc
[12.320s] running install_data
[12.321s] creating /home/kmw/ros2_ws/src/install/cv_center/share/ament_index/resource_index/packages
[12.321s] copying resource/cv_center -> /home/kmw/ros2_ws/src/install/cv_center/share/ament_index/resource_index/packages
[12.321s] copying package.xml -> /home/kmw/ros2_ws/src/install/cv_center/share/cv_center
[12.321s] running install_egg_info
[12.321s] Copying ../build/cv_center/cv_center.egg-info to /home/kmw/ros2_ws/src/install/cv_center/lib/python3.10/site-packages/cv_center-0.0.0-py3.10.egg-info
[12.322s] running install_scripts
[12.322s] Installing center_pub script to /home/kmw/ros2_ws/src/install/cv_center/lib/cv_center
[12.322s] Installing center_sub script to /home/kmw/ros2_ws/src/install/cv_center/lib/cv_center
[12.322s] writing list of installed files to '/home/kmw/ros2_ws/src/build/cv_center/install.log'
[12.370s] Invoked command in '/home/kmw/ros2_ws/src/cv_center' returned '0': CONDA_PROMPT_MODIFIER=(ros2_py310) PYTHONPATH=/home/kmw/ros2_ws/src/build/cv_center/prefix_override:/home/kmw/miniconda3/lib/python3.12/site-packages/colcon_core/task/python/colcon_distutils_commands:/home/kmw/ros2_ws/src/install/cv_center/lib/python3.10/site-packages:${PYTHONPATH} /usr/bin/python3 -W ignore:setup.py install is deprecated setup.py egg_info --egg-base ../build/cv_center build --build-base /home/kmw/ros2_ws/src/build/cv_center/build install --record /home/kmw/ros2_ws/src/build/cv_center/install.log --single-version-externally-managed install_data
