running egg_info
creating ../build/ros_ardu/ros_ardu.egg-info
writing ../build/ros_ardu/ros_ardu.egg-info/PKG-INFO
writing dependency_links to ../build/ros_ardu/ros_ardu.egg-info/dependency_links.txt
writing entry points to ../build/ros_ardu/ros_ardu.egg-info/entry_points.txt
writing requirements to ../build/ros_ardu/ros_ardu.egg-info/requires.txt
writing top-level names to ../build/ros_ardu/ros_ardu.egg-info/top_level.txt
writing manifest file '../build/ros_ardu/ros_ardu.egg-info/SOURCES.txt'
reading manifest file '../build/ros_ardu/ros_ardu.egg-info/SOURCES.txt'
writing manifest file '../build/ros_ardu/ros_ardu.egg-info/SOURCES.txt'
running build
running build_py
creating /home/kmw/ros2_ws/src/build/ros_ardu/build/lib/ros_ardu
copying ros_ardu/ardu_ser.py -> /home/kmw/ros2_ws/src/build/ros_ardu/build/lib/ros_ardu
copying ros_ardu/__init__.py -> /home/kmw/ros2_ws/src/build/ros_ardu/build/lib/ros_ardu
copying ros_ardu/ardu_cli.py -> /home/kmw/ros2_ws/src/build/ros_ardu/build/lib/ros_ardu
copying ros_ardu/serial_check.py -> /home/kmw/ros2_ws/src/build/ros_ardu/build/lib/ros_ardu
running install
running install_lib
creating /home/kmw/ros2_ws/src/install/ros_ardu/lib/python3.10/site-packages/ros_ardu
copying /home/kmw/ros2_ws/src/build/ros_ardu/build/lib/ros_ardu/ardu_ser.py -> /home/kmw/ros2_ws/src/install/ros_ardu/lib/python3.10/site-packages/ros_ardu
copying /home/kmw/ros2_ws/src/build/ros_ardu/build/lib/ros_ardu/__init__.py -> /home/kmw/ros2_ws/src/install/ros_ardu/lib/python3.10/site-packages/ros_ardu
copying /home/kmw/ros2_ws/src/build/ros_ardu/build/lib/ros_ardu/ardu_cli.py -> /home/kmw/ros2_ws/src/install/ros_ardu/lib/python3.10/site-packages/ros_ardu
copying /home/kmw/ros2_ws/src/build/ros_ardu/build/lib/ros_ardu/serial_check.py -> /home/kmw/ros2_ws/src/install/ros_ardu/lib/python3.10/site-packages/ros_ardu
byte-compiling /home/kmw/ros2_ws/src/install/ros_ardu/lib/python3.10/site-packages/ros_ardu/ardu_ser.py to ardu_ser.cpython-310.pyc
byte-compiling /home/kmw/ros2_ws/src/install/ros_ardu/lib/python3.10/site-packages/ros_ardu/__init__.py to __init__.cpython-310.pyc
byte-compiling /home/kmw/ros2_ws/src/install/ros_ardu/lib/python3.10/site-packages/ros_ardu/ardu_cli.py to ardu_cli.cpython-310.pyc
byte-compiling /home/kmw/ros2_ws/src/install/ros_ardu/lib/python3.10/site-packages/ros_ardu/serial_check.py to serial_check.cpython-310.pyc
running install_data
creating /home/kmw/ros2_ws/src/install/ros_ardu/share/ament_index/resource_index/packages
copying resource/ros_ardu -> /home/kmw/ros2_ws/src/install/ros_ardu/share/ament_index/resource_index/packages
copying package.xml -> /home/kmw/ros2_ws/src/install/ros_ardu/share/ros_ardu
running install_egg_info
Copying ../build/ros_ardu/ros_ardu.egg-info to /home/kmw/ros2_ws/src/install/ros_ardu/lib/python3.10/site-packages/ros_ardu-0.0.0-py3.10.egg-info
running install_scripts
Installing ardu_cli script to /home/kmw/ros2_ws/src/install/ros_ardu/lib/ros_ardu
Installing ardu_ser script to /home/kmw/ros2_ws/src/install/ros_ardu/lib/ros_ardu
writing list of installed files to '/home/kmw/ros2_ws/src/build/ros_ardu/install.log'
