[7.523s] Invoking command in '/home/kmw/ros2_ws/src/ros_cv': CONDA_PROMPT_MODIFIER=(ros2_py310) PYTHONPATH=/home/kmw/ros2_ws/src/build/ros_cv/prefix_override:/home/kmw/miniconda3/lib/python3.12/site-packages/colcon_core/task/python/colcon_distutils_commands:/home/kmw/ros2_ws/src/install/ros_cv/lib/python3.10/site-packages:${PYTHONPATH} /usr/bin/python3 -W ignore:setup.py install is deprecated setup.py egg_info --egg-base ../build/ros_cv build --build-base /home/kmw/ros2_ws/src/build/ros_cv/build install --record /home/kmw/ros2_ws/src/build/ros_cv/install.log --single-version-externally-managed install_data
[9.235s] running egg_info
[9.236s] creating ../build/ros_cv/ros_cv.egg-info
[9.325s] writing ../build/ros_cv/ros_cv.egg-info/PKG-INFO
[9.326s] writing dependency_links to ../build/ros_cv/ros_cv.egg-info/dependency_links.txt
[9.327s] writing entry points to ../build/ros_cv/ros_cv.egg-info/entry_points.txt
[9.327s] writing requirements to ../build/ros_cv/ros_cv.egg-info/requires.txt
[9.327s] writing top-level names to ../build/ros_cv/ros_cv.egg-info/top_level.txt
[9.328s] writing manifest file '../build/ros_cv/ros_cv.egg-info/SOURCES.txt'
[9.520s] reading manifest file '../build/ros_cv/ros_cv.egg-info/SOURCES.txt'
[9.524s] writing manifest file '../build/ros_cv/ros_cv.egg-info/SOURCES.txt'
[9.524s] running build
[9.525s] running build_py
[9.527s] creating /home/kmw/ros2_ws/src/build/ros_cv/build/lib/ros_cv
[9.527s] copying ros_cv/cam_sub.py -> /home/kmw/ros2_ws/src/build/ros_cv/build/lib/ros_cv
[9.527s] copying ros_cv/__init__.py -> /home/kmw/ros2_ws/src/build/ros_cv/build/lib/ros_cv
[9.527s] copying ros_cv/cam_pub.py -> /home/kmw/ros2_ws/src/build/ros_cv/build/lib/ros_cv
[9.528s] running install
[9.551s] running install_lib
[9.633s] creating /home/kmw/ros2_ws/src/install/ros_cv/lib/python3.10/site-packages/ros_cv
[9.634s] copying /home/kmw/ros2_ws/src/build/ros_cv/build/lib/ros_cv/cam_sub.py -> /home/kmw/ros2_ws/src/install/ros_cv/lib/python3.10/site-packages/ros_cv
[9.634s] copying /home/kmw/ros2_ws/src/build/ros_cv/build/lib/ros_cv/__init__.py -> /home/kmw/ros2_ws/src/install/ros_cv/lib/python3.10/site-packages/ros_cv
[9.635s] copying /home/kmw/ros2_ws/src/build/ros_cv/build/lib/ros_cv/cam_pub.py -> /home/kmw/ros2_ws/src/install/ros_cv/lib/python3.10/site-packages/ros_cv
[9.637s] byte-compiling /home/kmw/ros2_ws/src/install/ros_cv/lib/python3.10/site-packages/ros_cv/cam_sub.py to cam_sub.cpython-310.pyc
[9.640s] byte-compiling /home/kmw/ros2_ws/src/install/ros_cv/lib/python3.10/site-packages/ros_cv/__init__.py to __init__.cpython-310.pyc
[9.641s] byte-compiling /home/kmw/ros2_ws/src/install/ros_cv/lib/python3.10/site-packages/ros_cv/cam_pub.py to cam_pub.cpython-310.pyc
[9.641s] running install_data
[9.642s] creating /home/kmw/ros2_ws/src/install/ros_cv/share/ament_index/resource_index/packages
[9.645s] copying resource/ros_cv -> /home/kmw/ros2_ws/src/install/ros_cv/share/ament_index/resource_index/packages
[9.646s] copying package.xml -> /home/kmw/ros2_ws/src/install/ros_cv/share/ros_cv
[9.646s] copying launch/cv_launch.py -> /home/kmw/ros2_ws/src/install/ros_cv/share/ros_cv
[9.646s] running install_egg_info
[9.741s] Copying ../build/ros_cv/ros_cv.egg-info to /home/kmw/ros2_ws/src/install/ros_cv/lib/python3.10/site-packages/ros_cv-0.0.0-py3.10.egg-info
[9.743s] running install_scripts
[10.483s] Installing cam_pub script to /home/kmw/ros2_ws/src/install/ros_cv/lib/ros_cv
[10.484s] Installing cam_sub script to /home/kmw/ros2_ws/src/install/ros_cv/lib/ros_cv
[10.484s] writing list of installed files to '/home/kmw/ros2_ws/src/build/ros_cv/install.log'
[10.657s] Invoked command in '/home/kmw/ros2_ws/src/ros_cv' returned '0': CONDA_PROMPT_MODIFIER=(ros2_py310) PYTHONPATH=/home/kmw/ros2_ws/src/build/ros_cv/prefix_override:/home/kmw/miniconda3/lib/python3.12/site-packages/colcon_core/task/python/colcon_distutils_commands:/home/kmw/ros2_ws/src/install/ros_cv/lib/python3.10/site-packages:${PYTHONPATH} /usr/bin/python3 -W ignore:setup.py install is deprecated setup.py egg_info --egg-base ../build/ros_cv build --build-base /home/kmw/ros2_ws/src/build/ros_cv/build install --record /home/kmw/ros2_ws/src/build/ros_cv/install.log --single-version-externally-managed install_data
