running egg_info
creating ../build/ros_servo/ros_servo.egg-info
writing ../build/ros_servo/ros_servo.egg-info/PKG-INFO
writing dependency_links to ../build/ros_servo/ros_servo.egg-info/dependency_links.txt
writing entry points to ../build/ros_servo/ros_servo.egg-info/entry_points.txt
writing requirements to ../build/ros_servo/ros_servo.egg-info/requires.txt
writing top-level names to ../build/ros_servo/ros_servo.egg-info/top_level.txt
writing manifest file '../build/ros_servo/ros_servo.egg-info/SOURCES.txt'
reading manifest file '../build/ros_servo/ros_servo.egg-info/SOURCES.txt'
writing manifest file '../build/ros_servo/ros_servo.egg-info/SOURCES.txt'
running build
running build_py
creating /home/kmw/ros2_ws/src/build/ros_servo/build/lib/ros_servo
copying ros_servo/servo_sub.py -> /home/kmw/ros2_ws/src/build/ros_servo/build/lib/ros_servo
copying ros_servo/__init__.py -> /home/kmw/ros2_ws/src/build/ros_servo/build/lib/ros_servo
copying ros_servo/servo_pub.py -> /home/kmw/ros2_ws/src/build/ros_servo/build/lib/ros_servo
running install
running install_lib
creating /home/kmw/ros2_ws/src/install/ros_servo/lib/python3.10/site-packages/ros_servo
copying /home/kmw/ros2_ws/src/build/ros_servo/build/lib/ros_servo/servo_sub.py -> /home/kmw/ros2_ws/src/install/ros_servo/lib/python3.10/site-packages/ros_servo
copying /home/kmw/ros2_ws/src/build/ros_servo/build/lib/ros_servo/__init__.py -> /home/kmw/ros2_ws/src/install/ros_servo/lib/python3.10/site-packages/ros_servo
copying /home/kmw/ros2_ws/src/build/ros_servo/build/lib/ros_servo/servo_pub.py -> /home/kmw/ros2_ws/src/install/ros_servo/lib/python3.10/site-packages/ros_servo
byte-compiling /home/kmw/ros2_ws/src/install/ros_servo/lib/python3.10/site-packages/ros_servo/servo_sub.py to servo_sub.cpython-310.pyc
byte-compiling /home/kmw/ros2_ws/src/install/ros_servo/lib/python3.10/site-packages/ros_servo/__init__.py to __init__.cpython-310.pyc
byte-compiling /home/kmw/ros2_ws/src/install/ros_servo/lib/python3.10/site-packages/ros_servo/servo_pub.py to servo_pub.cpython-310.pyc
running install_data
creating /home/kmw/ros2_ws/src/install/ros_servo/share/ament_index/resource_index/packages
copying resource/ros_servo -> /home/kmw/ros2_ws/src/install/ros_servo/share/ament_index/resource_index/packages
copying package.xml -> /home/kmw/ros2_ws/src/install/ros_servo/share/ros_servo
running install_egg_info
Copying ../build/ros_servo/ros_servo.egg-info to /home/kmw/ros2_ws/src/install/ros_servo/lib/python3.10/site-packages/ros_servo-0.0.0-py3.10.egg-info
running install_scripts
Installing servo_pub script to /home/kmw/ros2_ws/src/install/ros_servo/lib/ros_servo
Installing servo_sub script to /home/kmw/ros2_ws/src/install/ros_servo/lib/ros_servo
writing list of installed files to '/home/kmw/ros2_ws/src/build/ros_servo/install.log'
